[  6%] Built target moveit_ros_planning_gencfg
[  8%] [32mBuilding CXX object rdf_loader/CMakeFiles/moveit_rdf_loader.dir/src/rdf_loader.cpp.o[0m
[ 10%] [32m[1mLinking CXX shared library /home/lkw/catkin_ws/devel/.private/moveit_ros_planning/lib/libmoveit_rdf_loader.so[0m
[ 10%] Built target moveit_rdf_loader
[ 12%] [32mBuilding CXX object collision_plugin_loader/CMakeFiles/moveit_collision_plugin_loader.dir/src/collision_plugin_loader.cpp.o[0m
[ 13%] [32m[1mLinking CXX shared library /home/lkw/catkin_ws/devel/.private/moveit_ros_planning/lib/libmoveit_collision_plugin_loader.so[0m
[ 13%] Built target moveit_collision_plugin_loader
[ 15%] [32mBuilding CXX object kinematics_plugin_loader/CMakeFiles/moveit_kinematics_plugin_loader.dir/src/kinematics_plugin_loader.cpp.o[0m
[ 17%] [32m[1mLinking CXX shared library /home/lkw/catkin_ws/devel/.private/moveit_ros_planning/lib/libmoveit_kinematics_plugin_loader.so[0m
[ 17%] Built target moveit_kinematics_plugin_loader
[ 18%] [32mBuilding CXX object constraint_sampler_manager_loader/CMakeFiles/moveit_constraint_sampler_manager_loader.dir/src/constraint_sampler_manager_loader.cpp.o[0m
[ 20%] [32m[1mLinking CXX shared library /home/lkw/catkin_ws/devel/.private/moveit_ros_planning/lib/libmoveit_constraint_sampler_manager_loader.so[0m
[ 20%] Built target moveit_constraint_sampler_manager_loader
[ 22%] [32mBuilding CXX object planning_pipeline/CMakeFiles/moveit_planning_pipeline.dir/src/planning_pipeline.cpp.o[0m
[ 24%] [32m[1mLinking CXX shared library /home/lkw/catkin_ws/devel/.private/moveit_ros_planning/lib/libmoveit_planning_pipeline.so[0m
[ 24%] Built target moveit_planning_pipeline
[ 25%] [32mBuilding CXX object planning_request_adapter_plugins/CMakeFiles/moveit_default_planning_request_adapter_plugins.dir/src/empty.cpp.o[0m
[ 27%] [32mBuilding CXX object planning_request_adapter_plugins/CMakeFiles/moveit_default_planning_request_adapter_plugins.dir/src/fix_start_state_bounds.cpp.o[0m
[ 29%] [32mBuilding CXX object planning_request_adapter_plugins/CMakeFiles/moveit_default_planning_request_adapter_plugins.dir/src/fix_start_state_collision.cpp.o[0m
[ 31%] [32mBuilding CXX object planning_request_adapter_plugins/CMakeFiles/moveit_default_planning_request_adapter_plugins.dir/src/fix_start_state_path_constraints.cpp.o[0m
[ 32%] [32mBuilding CXX object planning_request_adapter_plugins/CMakeFiles/moveit_default_planning_request_adapter_plugins.dir/src/fix_workspace_bounds.cpp.o[0m
[ 34%] [32mBuilding CXX object planning_request_adapter_plugins/CMakeFiles/moveit_default_planning_request_adapter_plugins.dir/src/add_time_parameterization.cpp.o[0m
[ 36%] [32mBuilding CXX object planning_request_adapter_plugins/CMakeFiles/moveit_default_planning_request_adapter_plugins.dir/src/add_iterative_spline_parameterization.cpp.o[0m
[ 37%] [32mBuilding CXX object planning_request_adapter_plugins/CMakeFiles/moveit_default_planning_request_adapter_plugins.dir/src/add_time_optimal_parameterization.cpp.o[0m
[ 39%] [32m[1mLinking CXX shared library /home/lkw/catkin_ws/devel/.private/moveit_ros_planning/lib/libmoveit_default_planning_request_adapter_plugins.so[0m
[ 39%] Built target moveit_default_planning_request_adapter_plugins
[ 41%] [32mBuilding CXX object planning_request_adapter_plugins/CMakeFiles/moveit_list_request_adapter_plugins.dir/src/list.cpp.o[0m
[ 43%] [32m[1mLinking CXX executable /home/lkw/catkin_ws/devel/.private/moveit_ros_planning/lib/moveit_ros_planning/moveit_list_request_adapter_plugins[0m
[ 43%] Built target moveit_list_request_adapter_plugins
[ 44%] [32mBuilding CXX object robot_model_loader/CMakeFiles/moveit_robot_model_loader.dir/src/robot_model_loader.cpp.o[0m
[ 46%] [32m[1mLinking CXX shared library /home/lkw/catkin_ws/devel/.private/moveit_ros_planning/lib/libmoveit_robot_model_loader.so[0m
[ 46%] Built target moveit_robot_model_loader
[ 48%] [32mBuilding CXX object planning_scene_monitor/CMakeFiles/moveit_planning_scene_monitor.dir/src/planning_scene_monitor.cpp.o[0m
[ 50%] [32mBuilding CXX object planning_scene_monitor/CMakeFiles/moveit_planning_scene_monitor.dir/src/current_state_monitor.cpp.o[0m
[ 51%] [32mBuilding CXX object planning_scene_monitor/CMakeFiles/moveit_planning_scene_monitor.dir/src/trajectory_monitor.cpp.o[0m
[ 53%] [32m[1mLinking CXX shared library /home/lkw/catkin_ws/devel/.private/moveit_ros_planning/lib/libmoveit_planning_scene_monitor.so[0m
[ 53%] Built target moveit_planning_scene_monitor
[ 55%] [32mBuilding CXX object planning_components_tools/CMakeFiles/moveit_print_planning_model_info.dir/src/print_planning_model_info.cpp.o[0m
[ 56%] [32m[1mLinking CXX executable /home/lkw/catkin_ws/devel/.private/moveit_ros_planning/lib/moveit_ros_planning/moveit_print_planning_model_info[0m
[ 56%] Built target moveit_print_planning_model_info
[ 58%] [32mBuilding CXX object planning_components_tools/CMakeFiles/moveit_print_planning_scene_info.dir/src/print_planning_scene_info.cpp.o[0m
[ 60%] [32m[1mLinking CXX executable /home/lkw/catkin_ws/devel/.private/moveit_ros_planning/lib/moveit_ros_planning/moveit_print_planning_scene_info[0m
[ 60%] Built target moveit_print_planning_scene_info
[ 62%] [32mBuilding CXX object planning_components_tools/CMakeFiles/moveit_display_random_state.dir/src/display_random_state.cpp.o[0m
[ 63%] [32m[1mLinking CXX executable /home/lkw/catkin_ws/devel/.private/moveit_ros_planning/lib/moveit_ros_planning/moveit_display_random_state[0m
[ 63%] Built target moveit_display_random_state
[ 65%] [32mBuilding CXX object planning_components_tools/CMakeFiles/moveit_visualize_robot_collision_volume.dir/src/visualize_robot_collision_volume.cpp.o[0m
[ 67%] [32m[1mLinking CXX executable /home/lkw/catkin_ws/devel/.private/moveit_ros_planning/lib/moveit_ros_planning/moveit_visualize_robot_collision_volume[0m
[ 67%] Built target moveit_visualize_robot_collision_volume
[ 68%] [32mBuilding CXX object planning_components_tools/CMakeFiles/moveit_evaluate_collision_checking_speed.dir/src/evaluate_collision_checking_speed.cpp.o[0m
[ 70%] [32m[1mLinking CXX executable /home/lkw/catkin_ws/devel/.private/moveit_ros_planning/lib/moveit_ros_planning/moveit_evaluate_collision_checking_speed[0m
[ 70%] Built target moveit_evaluate_collision_checking_speed
[ 72%] [32mBuilding CXX object planning_components_tools/CMakeFiles/moveit_kinematics_speed_and_validity_evaluator.dir/src/kinematics_speed_and_validity_evaluator.cpp.o[0m
[ 74%] [32m[1mLinking CXX executable /home/lkw/catkin_ws/devel/.private/moveit_ros_planning/lib/moveit_ros_planning/moveit_kinematics_speed_and_validity_evaluator[0m
[ 74%] Built target moveit_kinematics_speed_and_validity_evaluator
[ 75%] [32mBuilding CXX object planning_components_tools/CMakeFiles/moveit_evaluate_state_operations_speed.dir/src/evaluate_state_operations_speed.cpp.o[0m
[ 77%] [32m[1mLinking CXX executable /home/lkw/catkin_ws/devel/.private/moveit_ros_planning/lib/moveit_ros_planning/moveit_evaluate_state_operations_speed[0m
[ 77%] Built target moveit_evaluate_state_operations_speed
[ 79%] [32mBuilding CXX object planning_components_tools/CMakeFiles/moveit_publish_scene_from_text.dir/src/publish_scene_from_text.cpp.o[0m
[ 81%] [32m[1mLinking CXX executable /home/lkw/catkin_ws/devel/.private/moveit_ros_planning/lib/moveit_ros_planning/moveit_publish_scene_from_text[0m
[ 81%] Built target moveit_publish_scene_from_text
[ 82%] [32mBuilding CXX object trajectory_execution_manager/CMakeFiles/moveit_trajectory_execution_manager.dir/src/trajectory_execution_manager.cpp.o[0m
[ 84%] [32m[1mLinking CXX shared library /home/lkw/catkin_ws/devel/.private/moveit_ros_planning/lib/libmoveit_trajectory_execution_manager.so[0m
[ 84%] Built target moveit_trajectory_execution_manager
[ 86%] [32mBuilding CXX object planning_scene_monitor/CMakeFiles/demo_scene.dir/demos/demo_scene.cpp.o[0m
[ 87%] [32m[1mLinking CXX executable /home/lkw/catkin_ws/devel/.private/moveit_ros_planning/lib/moveit_ros_planning/demo_scene[0m
[ 87%] Built target demo_scene
[ 89%] [32mBuilding CXX object trajectory_execution_manager/CMakeFiles/test_controller_manager_plugin.dir/test/test_moveit_controller_manager_plugin.cpp.o[0m
[ 91%] [32m[1mLinking CXX shared library /home/lkw/catkin_ws/devel/.private/moveit_ros_planning/lib/libtest_controller_manager_plugin.so[0m
[ 91%] Built target test_controller_manager_plugin
[ 93%] [32mBuilding CXX object trajectory_execution_manager/CMakeFiles/test_controller_manager.dir/test/test_app.cpp.o[0m
[ 94%] [32m[1mLinking CXX executable /home/lkw/catkin_ws/devel/.private/moveit_ros_planning/lib/moveit_ros_planning/test_controller_manager[0m
[ 94%] Built target test_controller_manager
[ 96%] [32mBuilding CXX object plan_execution/CMakeFiles/moveit_plan_execution.dir/src/plan_with_sensing.cpp.o[0m
[ 98%] [32mBuilding CXX object plan_execution/CMakeFiles/moveit_plan_execution.dir/src/plan_execution.cpp.o[0m
[100%] [32m[1mLinking CXX shared library /home/lkw/catkin_ws/devel/.private/moveit_ros_planning/lib/libmoveit_plan_execution.so[0m
[100%] Built target moveit_plan_execution
