[01m[K/home/lkw/catkin_ws/src/grasp_gazebo/src/grasp.cpp:[m[K In member function ‘[01m[Kvoid Gazebo_Process::create_scene()[m[K’:
[01m[K/home/lkw/catkin_ws/src/grasp_gazebo/src/grasp.cpp:68:9:[m[K [01;31m[Kerror: [m[K‘[01m[Kcollision_object[m[K’ was not declared in this scope
         [01;31m[Kcollision_object[m[K.header.frame_id = arm_->getPlanningFrame();
         [01;31m[K^~~~~~~~~~~~~~~~[m[K
[01m[K/home/lkw/catkin_ws/src/grasp_gazebo/src/grasp.cpp:68:9:[m[K [01;36m[Knote: [m[Ksuggested alternative: ‘[01m[Kcollision_object3[m[K’
         [01;36m[Kcollision_object[m[K.header.frame_id = arm_->getPlanningFrame();
         [01;36m[K^~~~~~~~~~~~~~~~[m[K
         [32m[Kcollision_object3[m[K
[01m[K/home/lkw/catkin_ws/src/grasp_gazebo/src/grasp.cpp:77:9:[m[K [01;31m[Kerror: [m[K‘[01m[Kprimitiv1e[m[K’ was not declared in this scope
         [01;31m[Kprimitiv1e[m[K.dimensions[primitive1.BOX_Z] = 0.01;
         [01;31m[K^~~~~~~~~~[m[K
[01m[K/home/lkw/catkin_ws/src/grasp_gazebo/src/grasp.cpp:77:9:[m[K [01;36m[Knote: [m[Ksuggested alternative: ‘[01m[Kprimitive1[m[K’
         [01;36m[Kprimitiv1e[m[K.dimensions[primitive1.BOX_Z] = 0.01;
         [01;36m[K^~~~~~~~~~[m[K
         [32m[Kprimitive1[m[K
[01m[K/home/lkw/catkin_ws/src/grasp_gazebo/src/grasp.cpp:83:9:[m[K [01;31m[Kerror: [m[Kexpected ‘[01m[K;[m[K’ before ‘[01m[Ktable_surface_pose[m[K’
         [01;31m[Ktable_surface_pose[m[K.position.z = 0.1;
         [01;31m[K^~~~~~~~~~~~~~~~~~[m[K
[01m[K/home/lkw/catkin_ws/src/grasp_gazebo/src/grasp.cpp:85:48:[m[K [01;31m[Kerror: [m[K‘[01m[Kprimitive[m[K’ was not declared in this scope
         collision_object1.primitives.push_back([01;31m[Kprimitive[m[K);
                                                [01;31m[K^~~~~~~~~[m[K
[01m[K/home/lkw/catkin_ws/src/grasp_gazebo/src/grasp.cpp:85:48:[m[K [01;36m[Knote: [m[Ksuggested alternative: ‘[01m[Kprimitive1[m[K’
         collision_object1.primitives.push_back([01;36m[Kprimitive[m[K);
                                                [01;36m[K^~~~~~~~~[m[K
                                                [32m[Kprimitive1[m[K
[01m[K/home/lkw/catkin_ws/src/grasp_gazebo/src/grasp.cpp:108:9:[m[K [01;31m[Kerror: [m[Kexpected ‘[01m[K;[m[K’ before ‘[01m[Ktable_baffle_pose[m[K’
         [01;31m[Ktable_baffle_pose[m[K.position.z = 0.1+  primitive2.dimensions[primitive2.BOX_Z]/2;
         [01;31m[K^~~~~~~~~~~~~~~~~[m[K
make[2]: *** [CMakeFiles/grasp.dir/src/grasp.cpp.o] Error 1
make[1]: *** [CMakeFiles/grasp.dir/all] Error 2
make: *** [all] Error 2
