CMakeFiles/grasp.dir/src/grasp.cpp.o：在函数‘Gazebo_Process::create_scene()’中：
grasp.cpp:(.text._ZN14Gazebo_Process12create_sceneEv[_ZN14Gazebo_Process12create_sceneEv]+0x87d)：对‘moveit::planning_interface::MoveGroupInterface::getPlanningFrame[abi:cxx11]() const’未定义的引用
CMakeFiles/grasp.dir/src/grasp.cpp.o：在函数‘Gazebo_Process::Gazebo_Process(ros::NodeHandle const&, moveit::planning_interface::MoveGroupInterface&, std::__cxx11::basic_string<char, std::char_traits<char>, std::allocator<char> > const&)’中：
grasp.cpp:(.text._ZN14Gazebo_ProcessC2ERKN3ros10NodeHandleERN6moveit18planning_interface18MoveGroupInterfaceERKNSt7__cxx1112basic_stringIcSt11char_traitsIcESaIcEEE[_ZN14Gazebo_ProcessC5ERKN3ros10NodeHandleERN6moveit18planning_interface18MoveGroupInterfaceERKNSt7__cxx1112basic_stringIcSt11char_traitsIcESaIcEEE]+0x166)：对‘moveit::planning_interface::MoveGroupInterface::setGoalPositionTolerance(double)’未定义的引用
grasp.cpp:(.text._ZN14Gazebo_ProcessC2ERKN3ros10NodeHandleERN6moveit18planning_interface18MoveGroupInterfaceERKNSt7__cxx1112basic_stringIcSt11char_traitsIcESaIcEEE[_ZN14Gazebo_ProcessC5ERKN3ros10NodeHandleERN6moveit18planning_interface18MoveGroupInterfaceERKNSt7__cxx1112basic_stringIcSt11char_traitsIcESaIcEEE]+0x17a)：对‘moveit::planning_interface::MoveGroupInterface::setGoalOrientationTolerance(double)’未定义的引用
grasp.cpp:(.text._ZN14Gazebo_ProcessC2ERKN3ros10NodeHandleERN6moveit18planning_interface18MoveGroupInterfaceERKNSt7__cxx1112basic_stringIcSt11char_traitsIcESaIcEEE[_ZN14Gazebo_ProcessC5ERKN3ros10NodeHandleERN6moveit18planning_interface18MoveGroupInterfaceERKNSt7__cxx1112basic_stringIcSt11char_traitsIcESaIcEEE]+0x18e)：对‘moveit::planning_interface::MoveGroupInterface::setGoalJointTolerance(double)’未定义的引用
grasp.cpp:(.text._ZN14Gazebo_ProcessC2ERKN3ros10NodeHandleERN6moveit18planning_interface18MoveGroupInterfaceERKNSt7__cxx1112basic_stringIcSt11char_traitsIcESaIcEEE[_ZN14Gazebo_ProcessC5ERKN3ros10NodeHandleERN6moveit18planning_interface18MoveGroupInterfaceERKNSt7__cxx1112basic_stringIcSt11char_traitsIcESaIcEEE]+0x1a2)：对‘moveit::planning_interface::MoveGroupInterface::setMaxAccelerationScalingFactor(double)’未定义的引用
grasp.cpp:(.text._ZN14Gazebo_ProcessC2ERKN3ros10NodeHandleERN6moveit18planning_interface18MoveGroupInterfaceERKNSt7__cxx1112basic_stringIcSt11char_traitsIcESaIcEEE[_ZN14Gazebo_ProcessC5ERKN3ros10NodeHandleERN6moveit18planning_interface18MoveGroupInterfaceERKNSt7__cxx1112basic_stringIcSt11char_traitsIcESaIcEEE]+0x1b6)：对‘moveit::planning_interface::MoveGroupInterface::setMaxVelocityScalingFactor(double)’未定义的引用
grasp.cpp:(.text._ZN14Gazebo_ProcessC2ERKN3ros10NodeHandleERN6moveit18planning_interface18MoveGroupInterfaceERKNSt7__cxx1112basic_stringIcSt11char_traitsIcESaIcEEE[_ZN14Gazebo_ProcessC5ERKN3ros10NodeHandleERN6moveit18planning_interface18MoveGroupInterfaceERKNSt7__cxx1112basic_stringIcSt11char_traitsIcESaIcEEE]+0x1cd)：对‘moveit::planning_interface::MoveGroupInterface::getCurrentState(double)’未定义的引用
grasp.cpp:(.text._ZN14Gazebo_ProcessC2ERKN3ros10NodeHandleERN6moveit18planning_interface18MoveGroupInterfaceERKNSt7__cxx1112basic_stringIcSt11char_traitsIcESaIcEEE[_ZN14Gazebo_ProcessC5ERKN3ros10NodeHandleERN6moveit18planning_interface18MoveGroupInterfaceERKNSt7__cxx1112basic_stringIcSt11char_traitsIcESaIcEEE]+0x1df)：对‘moveit::core::RobotModel::getJointModelGroup(std::__cxx11::basic_string<char, std::char_traits<char>, std::allocator<char> > const&) const’未定义的引用
grasp.cpp:(.text._ZN14Gazebo_ProcessC2ERKN3ros10NodeHandleERN6moveit18planning_interface18MoveGroupInterfaceERKNSt7__cxx1112basic_stringIcSt11char_traitsIcESaIcEEE[_ZN14Gazebo_ProcessC5ERKN3ros10NodeHandleERN6moveit18planning_interface18MoveGroupInterfaceERKNSt7__cxx1112basic_stringIcSt11char_traitsIcESaIcEEE]+0x210)：对‘moveit::planning_interface::MoveGroupInterface::getEndEffectorLink[abi:cxx11]() const’未定义的引用
grasp.cpp:(.text._ZN14Gazebo_ProcessC2ERKN3ros10NodeHandleERN6moveit18planning_interface18MoveGroupInterfaceERKNSt7__cxx1112basic_stringIcSt11char_traitsIcESaIcEEE[_ZN14Gazebo_ProcessC5ERKN3ros10NodeHandleERN6moveit18planning_interface18MoveGroupInterfaceERKNSt7__cxx1112basic_stringIcSt11char_traitsIcESaIcEEE]+0x246)：对‘moveit::planning_interface::MoveGroupInterface::setPoseReferenceFrame(std::__cxx11::basic_string<char, std::char_traits<char>, std::allocator<char> > const&)’未定义的引用
grasp.cpp:(.text._ZN14Gazebo_ProcessC2ERKN3ros10NodeHandleERN6moveit18planning_interface18MoveGroupInterfaceERKNSt7__cxx1112basic_stringIcSt11char_traitsIcESaIcEEE[_ZN14Gazebo_ProcessC5ERKN3ros10NodeHandleERN6moveit18planning_interface18MoveGroupInterfaceERKNSt7__cxx1112basic_stringIcSt11char_traitsIcESaIcEEE]+0x257)：对‘moveit::planning_interface::MoveGroupInterface::allowReplanning(bool)’未定义的引用
grasp.cpp:(.text._ZN14Gazebo_ProcessC2ERKN3ros10NodeHandleERN6moveit18planning_interface18MoveGroupInterfaceERKNSt7__cxx1112basic_stringIcSt11char_traitsIcESaIcEEE[_ZN14Gazebo_ProcessC5ERKN3ros10NodeHandleERN6moveit18planning_interface18MoveGroupInterfaceERKNSt7__cxx1112basic_stringIcSt11char_traitsIcESaIcEEE]+0x26b)：对‘moveit::planning_interface::MoveGroupInterface::setPlanningTime(double)’未定义的引用
grasp.cpp:(.text._ZN14Gazebo_ProcessC2ERKN3ros10NodeHandleERN6moveit18planning_interface18MoveGroupInterfaceERKNSt7__cxx1112basic_stringIcSt11char_traitsIcESaIcEEE[_ZN14Gazebo_ProcessC5ERKN3ros10NodeHandleERN6moveit18planning_interface18MoveGroupInterfaceERKNSt7__cxx1112basic_stringIcSt11char_traitsIcESaIcEEE]+0x299)：对‘moveit::planning_interface::MoveGroupInterface::setPlannerId(std::__cxx11::basic_string<char, std::char_traits<char>, std::allocator<char> > const&)’未定义的引用
grasp.cpp:(.text._ZN14Gazebo_ProcessC2ERKN3ros10NodeHandleERN6moveit18planning_interface18MoveGroupInterfaceERKNSt7__cxx1112basic_stringIcSt11char_traitsIcESaIcEEE[_ZN14Gazebo_ProcessC5ERKN3ros10NodeHandleERN6moveit18planning_interface18MoveGroupInterfaceERKNSt7__cxx1112basic_stringIcSt11char_traitsIcESaIcEEE]+0x2da)：对‘moveit::planning_interface::MoveGroupInterface::setNamedTarget(std::__cxx11::basic_string<char, std::char_traits<char>, std::allocator<char> > const&)’未定义的引用
grasp.cpp:(.text._ZN14Gazebo_ProcessC2ERKN3ros10NodeHandleERN6moveit18planning_interface18MoveGroupInterfaceERKNSt7__cxx1112basic_stringIcSt11char_traitsIcESaIcEEE[_ZN14Gazebo_ProcessC5ERKN3ros10NodeHandleERN6moveit18planning_interface18MoveGroupInterfaceERKNSt7__cxx1112basic_stringIcSt11char_traitsIcESaIcEEE]+0x2f9)：对‘moveit::planning_interface::MoveGroupInterface::move()’未定义的引用
CMakeFiles/grasp.dir/src/grasp.cpp.o：在函数‘main’中：
grasp.cpp:(.text.startup+0x155)：对‘moveit::planning_interface::MoveGroupInterface::MoveGroupInterface(std::__cxx11::basic_string<char, std::char_traits<char>, std::allocator<char> > const&, std::shared_ptr<tf2_ros::Buffer> const&, ros::WallDuration const&)’未定义的引用
grasp.cpp:(.text.startup+0x1bb)：对‘moveit::planning_interface::MoveGroupInterface::~MoveGroupInterface()’未定义的引用
grasp.cpp:(.text.startup+0x2a1)：对‘moveit::planning_interface::MoveGroupInterface::~MoveGroupInterface()’未定义的引用
collect2: error: ld returned 1 exit status
make[2]: *** [/home/lkw/catkin_ws/devel/.private/grasp_gazebo/lib/grasp_gazebo/grasp] Error 1
make[1]: *** [CMakeFiles/grasp.dir/all] Error 2
make: *** [all] Error 2
