[ 66%] Built target ompl
[ 66%] Built target test_adjacency_list
[ 67%] Built target test_heap
[ 68%] Built target test_grid
[ 69%] Built target test_gridb
[ 69%] Built target test_nearestneighbors
[ 70%] Built target test_pdf
[ 71%] Built target test_random
[ 71%] Built target test_halton_sampling
[ 71%] Built target test_state_operations
[ 72%] Built target test_state_spaces
[ 73%] Built target test_state_storage
[ 73%] Built target test_ptc
[ 73%] Built target test_planner_data
[ 74%] Built target test_2denvs_geometric
[ 75%] Built target test_2dmap_geometric_simple
[ 75%] Built target test_2dmap_ik
[ 75%] Built target test_2dcircles_opt_geometric
[ 76%] Built target test_2dpath_simplifying
[ 77%] Built target test_constraint_sphere
[ 77%] Built target test_2dmap_control
[ 78%] Built target test_planner_data_control
[ 78%] Built target test_experience_planning
[ 79%] Built target regression_test
[ 79%] Built target demo_RigidBodyPlanning
[ 79%] Built target demo_RigidBodyPlanningWithIK
[ 80%] Built target demo_RigidBodyPlanningWithControls
[ 81%] Built target demo_RigidBodyPlanningWithIntegrationAndControls
[ 81%] Built target demo_RigidBodyPlanningWithODESolverAndControls
[ 81%] Built target demo_StateSampling
[ 82%] Built target demo_GeometricCarPlanning
[ 83%] Built target demo_Point2DPlanning
[ 83%] Built target demo_HybridSystemPlanning
[ 83%] Built target demo_KinematicChainBenchmark
[ 84%] Built target demo_HypercubeBenchmark
[ 87%] Built target demo_Koules
[ 87%] Built target demo_PlannerData
[ 88%] Built target demo_ThunderLightning
[ 89%] Built target demo_OptimalPlanning
[ 90%] Built target demo_PlannerProgressProperties
[ 90%] Built target demo_CForestCircleGridBenchmark
[ 90%] Built target demo_Diagonal
[ 90%] Built target demo_VectorFieldConservative
[ 91%] Built target demo_VectorFieldNonconservative
[ 91%] Built target demo_ConstrainedPlanningSphere
[ 92%] Built target demo_ConstrainedPlanningTorus
[ 93%] Built target demo_ConstrainedPlanningImplicitChain
[ 93%] Built target demo_ConstrainedPlanningImplicitParallel
[ 94%] Built target demo_ConstrainedPlanningKinematicChain
[ 94%] Built target demo_MultiLevelPlanningRigidBody2D
[ 95%] Built target demo_MultiLevelPlanningRigidBody3D
[ 96%] Built target demo_MultiLevelPlanningKinematicChain
[ 97%] Built target demo_MultiLevelPlanningHyperCube
[ 97%] Built target demo_MultiLevelPlanningHyperCubeBenchmark
[ 98%] Built target demo_SpaceTimePlanning
[ 99%] Built target demo_PlanarManipulator
[100%] Built target demo_MultiLevelPlanarManipulator
[100%] Built target demo_OpenDERigidBodyPlanning
[36mInstall the project...[0m
-- Install configuration: "Release"
-- Up-to-date: /home/lkw/catkin_ws/devel/lib/pkgconfig/ompl.pc
-- Up-to-date: /home/lkw/catkin_ws/devel/share/ompl/cmake/omplConfig.cmake
-- Up-to-date: /home/lkw/catkin_ws/devel/share/ompl/cmake/omplConfigVersion.cmake
-- Up-to-date: /home/lkw/catkin_ws/devel/share/ompl/package.xml
-- Up-to-date: /home/lkw/catkin_ws/devel/share/ament_index/resource_index/packages/ompl
-- Up-to-date: /home/lkw/catkin_ws/devel/include/ompl-1.6/ompl
-- Up-to-date: /home/lkw/catkin_ws/devel/include/ompl-1.6/ompl/tools
-- Up-to-date: /home/lkw/catkin_ws/devel/include/ompl-1.6/ompl/tools/lightning
-- Up-to-date: /home/lkw/catkin_ws/devel/include/ompl-1.6/ompl/tools/lightning/LightningDB.h
-- Up-to-date: /home/lkw/catkin_ws/devel/include/ompl-1.6/ompl/tools/lightning/Lightning.h
-- Up-to-date: /home/lkw/catkin_ws/devel/include/ompl-1.6/ompl/tools/lightning/DynamicTimeWarp.h
-- Up-to-date: /home/lkw/catkin_ws/devel/include/ompl-1.6/ompl/tools/multiplan
-- Up-to-date: /home/lkw/catkin_ws/devel/include/ompl-1.6/ompl/tools/multiplan/OptimizePlan.h
-- Up-to-date: /home/lkw/catkin_ws/devel/include/ompl-1.6/ompl/tools/multiplan/ParallelPlan.h
-- Up-to-date: /home/lkw/catkin_ws/devel/include/ompl-1.6/ompl/tools/config
-- Up-to-date: /home/lkw/catkin_ws/devel/include/ompl-1.6/ompl/tools/config/MagicConstants.h
-- Up-to-date: /home/lkw/catkin_ws/devel/include/ompl-1.6/ompl/tools/config/SelfConfig.h
-- Up-to-date: /home/lkw/catkin_ws/devel/include/ompl-1.6/ompl/tools/debug
-- Up-to-date: /home/lkw/catkin_ws/devel/include/ompl-1.6/ompl/tools/debug/PlannerMonitor.h
-- Up-to-date: /home/lkw/catkin_ws/devel/include/ompl-1.6/ompl/tools/debug/Profiler.h
-- Up-to-date: /home/lkw/catkin_ws/devel/include/ompl-1.6/ompl/tools/experience
-- Up-to-date: /home/lkw/catkin_ws/devel/include/ompl-1.6/ompl/tools/experience/ExperienceSetup.h
-- Up-to-date: /home/lkw/catkin_ws/devel/include/ompl-1.6/ompl/tools/benchmark
-- Up-to-date: /home/lkw/catkin_ws/devel/include/ompl-1.6/ompl/tools/benchmark/MachineSpecs.h
-- Up-to-date: /home/lkw/catkin_ws/devel/include/ompl-1.6/ompl/tools/benchmark/Benchmark.h
-- Up-to-date: /home/lkw/catkin_ws/devel/include/ompl-1.6/ompl/tools/thunder
-- Up-to-date: /home/lkw/catkin_ws/devel/include/ompl-1.6/ompl/tools/thunder/ThunderDB.h
-- Up-to-date: /home/lkw/catkin_ws/devel/include/ompl-1.6/ompl/tools/thunder/SPARSdb.h
-- Up-to-date: /home/lkw/catkin_ws/devel/include/ompl-1.6/ompl/tools/thunder/Thunder.h
-- Up-to-date: /home/lkw/catkin_ws/devel/include/ompl-1.6/ompl/control
-- Up-to-date: /home/lkw/catkin_ws/devel/include/ompl-1.6/ompl/control/PathControl.h
-- Up-to-date: /home/lkw/catkin_ws/devel/include/ompl-1.6/ompl/control/SteeredControlSampler.h
-- Up-to-date: /home/lkw/catkin_ws/devel/include/ompl-1.6/ompl/control/planners
-- Up-to-date: /home/lkw/catkin_ws/devel/include/ompl-1.6/ompl/control/planners/pdst
-- Up-to-date: /home/lkw/catkin_ws/devel/include/ompl-1.6/ompl/control/planners/pdst/PDST.h
-- Up-to-date: /home/lkw/catkin_ws/devel/include/ompl-1.6/ompl/control/planners/kpiece
-- Up-to-date: /home/lkw/catkin_ws/devel/include/ompl-1.6/ompl/control/planners/kpiece/KPIECE1.h
-- Up-to-date: /home/lkw/catkin_ws/devel/include/ompl-1.6/ompl/control/planners/syclop
-- Up-to-date: /home/lkw/catkin_ws/devel/include/ompl-1.6/ompl/control/planners/syclop/SyclopEST.h
-- Up-to-date: /home/lkw/catkin_ws/devel/include/ompl-1.6/ompl/control/planners/syclop/GridDecomposition.h
-- Up-to-date: /home/lkw/catkin_ws/devel/include/ompl-1.6/ompl/control/planners/syclop/SyclopRRT.h
-- Up-to-date: /home/lkw/catkin_ws/devel/include/ompl-1.6/ompl/control/planners/syclop/Decomposition.h
-- Up-to-date: /home/lkw/catkin_ws/devel/include/ompl-1.6/ompl/control/planners/syclop/Syclop.h
-- Up-to-date: /home/lkw/catkin_ws/devel/include/ompl-1.6/ompl/control/planners/est
-- Up-to-date: /home/lkw/catkin_ws/devel/include/ompl-1.6/ompl/control/planners/est/EST.h
-- Up-to-date: /home/lkw/catkin_ws/devel/include/ompl-1.6/ompl/control/planners/rrt
-- Up-to-date: /home/lkw/catkin_ws/devel/include/ompl-1.6/ompl/control/planners/rrt/RRT.h
-- Up-to-date: /home/lkw/catkin_ws/devel/include/ompl-1.6/ompl/control/planners/PlannerIncludes.h
-- Up-to-date: /home/lkw/catkin_ws/devel/include/ompl-1.6/ompl/control/planners/ltl
-- Up-to-date: /home/lkw/catkin_ws/devel/include/ompl-1.6/ompl/control/planners/ltl/LTLSpaceInformation.h
-- Up-to-date: /home/lkw/catkin_ws/devel/include/ompl-1.6/ompl/control/planners/ltl/LTLProblemDefinition.h
-- Up-to-date: /home/lkw/catkin_ws/devel/include/ompl-1.6/ompl/control/planners/ltl/ProductGraph.h
-- Up-to-date: /home/lkw/catkin_ws/devel/include/ompl-1.6/ompl/control/planners/ltl/LTLPlanner.h
-- Up-to-date: /home/lkw/catkin_ws/devel/include/ompl-1.6/ompl/control/planners/ltl/PropositionalDecomposition.h
-- Up-to-date: /home/lkw/catkin_ws/devel/include/ompl-1.6/ompl/control/planners/ltl/World.h
-- Up-to-date: /home/lkw/catkin_ws/devel/include/ompl-1.6/ompl/control/planners/ltl/Automaton.h
-- Up-to-date: /home/lkw/catkin_ws/devel/include/ompl-1.6/ompl/control/planners/sst
-- Up-to-date: /home/lkw/catkin_ws/devel/include/ompl-1.6/ompl/control/planners/sst/SST.h
-- Up-to-date: /home/lkw/catkin_ws/devel/include/ompl-1.6/ompl/control/Control.h
-- Up-to-date: /home/lkw/catkin_ws/devel/include/ompl-1.6/ompl/control/DirectedControlSampler.h
-- Up-to-date: /home/lkw/catkin_ws/devel/include/ompl-1.6/ompl/control/PlannerData.h
-- Up-to-date: /home/lkw/catkin_ws/devel/include/ompl-1.6/ompl/control/ControlSpaceTypes.h
-- Up-to-date: /home/lkw/catkin_ws/devel/include/ompl-1.6/ompl/control/SimpleDirectedControlSampler.h
-- Up-to-date: /home/lkw/catkin_ws/devel/include/ompl-1.6/ompl/control/ControlSampler.h
-- Up-to-date: /home/lkw/catkin_ws/devel/include/ompl-1.6/ompl/control/SpaceInformation.h
-- Up-to-date: /home/lkw/catkin_ws/devel/include/ompl-1.6/ompl/control/PlannerDataStorage.h
-- Up-to-date: /home/lkw/catkin_ws/devel/include/ompl-1.6/ompl/control/SimpleSetup.h
-- Up-to-date: /home/lkw/catkin_ws/devel/include/ompl-1.6/ompl/control/ControlSpace.h
-- Up-to-date: /home/lkw/catkin_ws/devel/include/ompl-1.6/ompl/control/StatePropagator.h
-- Up-to-date: /home/lkw/catkin_ws/devel/include/ompl-1.6/ompl/control/spaces
-- Up-to-date: /home/lkw/catkin_ws/devel/include/ompl-1.6/ompl/control/spaces/RealVectorControlSpace.h
-- Up-to-date: /home/lkw/catkin_ws/devel/include/ompl-1.6/ompl/control/spaces/DiscreteControlSpace.h
-- Up-to-date: /home/lkw/catkin_ws/devel/include/ompl-1.6/ompl/control/ODESolver.h
-- Up-to-date: /home/lkw/catkin_ws/devel/include/ompl-1.6/ompl/base
-- Up-to-date: /home/lkw/catkin_ws/devel/include/ompl-1.6/ompl/base/StateSamplerArray.h
-- Up-to-date: /home/lkw/catkin_ws/devel/include/ompl-1.6/ompl/base/StateSampler.h
-- Up-to-date: /home/lkw/catkin_ws/devel/include/ompl-1.6/ompl/base/State.h
-- Up-to-date: /home/lkw/catkin_ws/devel/include/ompl-1.6/ompl/base/StateSpace.h
-- Up-to-date: /home/lkw/catkin_ws/devel/include/ompl-1.6/ompl/base/ValidStateSampler.h
-- Up-to-date: /home/lkw/catkin_ws/devel/include/ompl-1.6/ompl/base/StateStorage.h
-- Up-to-date: /home/lkw/catkin_ws/devel/include/ompl-1.6/ompl/base/TypedSpaceInformation.h
-- Up-to-date: /home/lkw/catkin_ws/devel/include/ompl-1.6/ompl/base/PlannerTerminationCondition.h
-- Up-to-date: /home/lkw/catkin_ws/devel/include/ompl-1.6/ompl/base/PlannerDataGraph.h
-- Up-to-date: /home/lkw/catkin_ws/devel/include/ompl-1.6/ompl/base/Constraint.h
-- Up-to-date: /home/lkw/catkin_ws/devel/include/ompl-1.6/ompl/base/TypedStateValidityChecker.h
-- Up-to-date: /home/lkw/catkin_ws/devel/include/ompl-1.6/ompl/base/GenericParam.h
-- Up-to-date: /home/lkw/catkin_ws/devel/include/ompl-1.6/ompl/base/PrecomputedStateSampler.h
-- Up-to-date: /home/lkw/catkin_ws/devel/include/ompl-1.6/ompl/base/StateSpaceTypes.h
-- Up-to-date: /home/lkw/catkin_ws/devel/include/ompl-1.6/ompl/base/Cost.h
-- Up-to-date: /home/lkw/catkin_ws/devel/include/ompl-1.6/ompl/base/PlannerData.h
-- Up-to-date: /home/lkw/catkin_ws/devel/include/ompl-1.6/ompl/base/SpaceInformation.h
-- Up-to-date: /home/lkw/catkin_ws/devel/include/ompl-1.6/ompl/base/PlannerDataStorage.h
-- Up-to-date: /home/lkw/catkin_ws/devel/include/ompl-1.6/ompl/base/PlannerStatus.h
-- Up-to-date: /home/lkw/catkin_ws/devel/include/ompl-1.6/ompl/base/goals
-- Up-to-date: /home/lkw/catkin_ws/devel/include/ompl-1.6/ompl/base/goals/GoalSpace.h
-- Up-to-date: /home/lkw/catkin_ws/devel/include/ompl-1.6/ompl/base/goals/GoalStates.h
-- Up-to-date: /home/lkw/catkin_ws/devel/include/ompl-1.6/ompl/base/goals/GoalState.h
-- Up-to-date: /home/lkw/catkin_ws/devel/include/ompl-1.6/ompl/base/goals/GoalLazySamples.h
-- Up-to-date: /home/lkw/catkin_ws/devel/include/ompl-1.6/ompl/base/goals/GoalRegion.h
-- Up-to-date: /home/lkw/catkin_ws/devel/include/ompl-1.6/ompl/base/goals/GoalSampleableRegion.h
-- Up-to-date: /home/lkw/catkin_ws/devel/include/ompl-1.6/ompl/base/ConstrainedSpaceInformation.h
-- Up-to-date: /home/lkw/catkin_ws/devel/include/ompl-1.6/ompl/base/terminationconditions
-- Up-to-date: /home/lkw/catkin_ws/devel/include/ompl-1.6/ompl/base/terminationconditions/CostConvergenceTerminationCondition.h
-- Up-to-date: /home/lkw/catkin_ws/devel/include/ompl-1.6/ompl/base/terminationconditions/IterationTerminationCondition.h
-- Up-to-date: /home/lkw/catkin_ws/devel/include/ompl-1.6/ompl/base/Planner.h
-- Up-to-date: /home/lkw/catkin_ws/devel/include/ompl-1.6/ompl/base/SolutionNonExistenceProof.h
-- Up-to-date: /home/lkw/catkin_ws/devel/include/ompl-1.6/ompl/base/OptimizationObjective.h
-- Up-to-date: /home/lkw/catkin_ws/devel/include/ompl-1.6/ompl/base/Path.h
-- Up-to-date: /home/lkw/catkin_ws/devel/include/ompl-1.6/ompl/base/ProjectionEvaluator.h
-- Up-to-date: /home/lkw/catkin_ws/devel/include/ompl-1.6/ompl/base/MotionValidator.h
-- Up-to-date: /home/lkw/catkin_ws/devel/include/ompl-1.6/ompl/base/samplers
-- Up-to-date: /home/lkw/catkin_ws/devel/include/ompl-1.6/ompl/base/samplers/UniformValidStateSampler.h
-- Up-to-date: /home/lkw/catkin_ws/devel/include/ompl-1.6/ompl/base/samplers/MaximizeClearanceValidStateSampler.h
-- Up-to-date: /home/lkw/catkin_ws/devel/include/ompl-1.6/ompl/base/samplers/deterministic
-- Up-to-date: /home/lkw/catkin_ws/devel/include/ompl-1.6/ompl/base/samplers/deterministic/DeterministicSequence.h
-- Up-to-date: /home/lkw/catkin_ws/devel/include/ompl-1.6/ompl/base/samplers/deterministic/HaltonSequence.h
-- Up-to-date: /home/lkw/catkin_ws/devel/include/ompl-1.6/ompl/base/samplers/deterministic/PrecomputedSequence.h
-- Up-to-date: /home/lkw/catkin_ws/devel/include/ompl-1.6/ompl/base/samplers/ConditionalStateSampler.h
-- Up-to-date: /home/lkw/catkin_ws/devel/include/ompl-1.6/ompl/base/samplers/MinimumClearanceValidStateSampler.h
-- Up-to-date: /home/lkw/catkin_ws/devel/include/ompl-1.6/ompl/base/samplers/BridgeTestValidStateSampler.h
-- Up-to-date: /home/lkw/catkin_ws/devel/include/ompl-1.6/ompl/base/samplers/informed
-- Up-to-date: /home/lkw/catkin_ws/devel/include/ompl-1.6/ompl/base/samplers/informed/PathLengthDirectInfSampler.h
-- Up-to-date: /home/lkw/catkin_ws/devel/include/ompl-1.6/ompl/base/samplers/informed/RejectionInfSampler.h
-- Up-to-date: /home/lkw/catkin_ws/devel/include/ompl-1.6/ompl/base/samplers/informed/OrderedInfSampler.h
-- Up-to-date: /home/lkw/catkin_ws/devel/include/ompl-1.6/ompl/base/samplers/GaussianValidStateSampler.h
-- Up-to-date: /home/lkw/catkin_ws/devel/include/ompl-1.6/ompl/base/samplers/DeterministicStateSampler.h
-- Up-to-date: /home/lkw/catkin_ws/devel/include/ompl-1.6/ompl/base/samplers/InformedStateSampler.h
-- Up-to-date: /home/lkw/catkin_ws/devel/include/ompl-1.6/ompl/base/samplers/ObstacleBasedValidStateSampler.h
-- Up-to-date: /home/lkw/catkin_ws/devel/include/ompl-1.6/ompl/base/objectives
-- Up-to-date: /home/lkw/catkin_ws/devel/include/ompl-1.6/ompl/base/objectives/StateCostIntegralObjective.h
-- Up-to-date: /home/lkw/catkin_ws/devel/include/ompl-1.6/ompl/base/objectives/MinimizeArrivalTime.h
-- Up-to-date: /home/lkw/catkin_ws/devel/include/ompl-1.6/ompl/base/objectives/PathLengthOptimizationObjective.h
-- Up-to-date: /home/lkw/catkin_ws/devel/include/ompl-1.6/ompl/base/objectives/MechanicalWorkOptimizationObjective.h
-- Up-to-date: /home/lkw/catkin_ws/devel/include/ompl-1.6/ompl/base/objectives/MaximizeMinClearanceObjective.h
-- Up-to-date: /home/lkw/catkin_ws/devel/include/ompl-1.6/ompl/base/objectives/MinimaxObjective.h
-- Up-to-date: /home/lkw/catkin_ws/devel/include/ompl-1.6/ompl/base/objectives/VFUpstreamCriterionOptimizationObjective.h
-- Up-to-date: /home/lkw/catkin_ws/devel/include/ompl-1.6/ompl/base/objectives/ControlDurationObjective.h
-- Up-to-date: /home/lkw/catkin_ws/devel/include/ompl-1.6/ompl/base/objectives/VFMechanicalWorkOptimizationObjective.h
-- Up-to-date: /home/lkw/catkin_ws/devel/include/ompl-1.6/ompl/base/DiscreteMotionValidator.h
-- Up-to-date: /home/lkw/catkin_ws/devel/include/ompl-1.6/ompl/base/StateValidityChecker.h
-- Up-to-date: /home/lkw/catkin_ws/devel/include/ompl-1.6/ompl/base/GoalTypes.h
-- Up-to-date: /home/lkw/catkin_ws/devel/include/ompl-1.6/ompl/base/ProblemDefinition.h
-- Up-to-date: /home/lkw/catkin_ws/devel/include/ompl-1.6/ompl/base/Goal.h
-- Up-to-date: /home/lkw/catkin_ws/devel/include/ompl-1.6/ompl/base/spaces
-- Up-to-date: /home/lkw/catkin_ws/devel/include/ompl-1.6/ompl/base/spaces/DubinsStateSpace.h
-- Up-to-date: /home/lkw/catkin_ws/devel/include/ompl-1.6/ompl/base/spaces/RealVectorStateProjections.h
-- Up-to-date: /home/lkw/catkin_ws/devel/include/ompl-1.6/ompl/base/spaces/TimeStateSpace.h
-- Up-to-date: /home/lkw/catkin_ws/devel/include/ompl-1.6/ompl/base/spaces/EmptyStateSpace.h
-- Up-to-date: /home/lkw/catkin_ws/devel/include/ompl-1.6/ompl/base/spaces/SE2StateSpace.h
-- Up-to-date: /home/lkw/catkin_ws/devel/include/ompl-1.6/ompl/base/spaces/SO3StateSpace.h
-- Up-to-date: /home/lkw/catkin_ws/devel/include/ompl-1.6/ompl/base/spaces/SO2StateSpace.h
-- Up-to-date: /home/lkw/catkin_ws/devel/include/ompl-1.6/ompl/base/spaces/RealVectorBounds.h
-- Up-to-date: /home/lkw/catkin_ws/devel/include/ompl-1.6/ompl/base/spaces/DiscreteStateSpace.h
-- Up-to-date: /home/lkw/catkin_ws/devel/include/ompl-1.6/ompl/base/spaces/WrapperStateSpace.h
-- Up-to-date: /home/lkw/catkin_ws/devel/include/ompl-1.6/ompl/base/spaces/SpaceTimeStateSpace.h
-- Up-to-date: /home/lkw/catkin_ws/devel/include/ompl-1.6/ompl/base/spaces/special
-- Up-to-date: /home/lkw/catkin_ws/devel/include/ompl-1.6/ompl/base/spaces/special/KleinBottleStateSpace.h
-- Up-to-date: /home/lkw/catkin_ws/devel/include/ompl-1.6/ompl/base/spaces/special/SphereStateSpace.h
-- Up-to-date: /home/lkw/catkin_ws/devel/include/ompl-1.6/ompl/base/spaces/special/TorusStateSpace.h
-- Up-to-date: /home/lkw/catkin_ws/devel/include/ompl-1.6/ompl/base/spaces/special/MobiusStateSpace.h
-- Up-to-date: /home/lkw/catkin_ws/devel/include/ompl-1.6/ompl/base/spaces/RealVectorStateSpace.h
-- Up-to-date: /home/lkw/catkin_ws/devel/include/ompl-1.6/ompl/base/spaces/SE3StateSpace.h
-- Up-to-date: /home/lkw/catkin_ws/devel/include/ompl-1.6/ompl/base/spaces/ReedsSheppStateSpace.h
-- Up-to-date: /home/lkw/catkin_ws/devel/include/ompl-1.6/ompl/base/spaces/constraint
-- Up-to-date: /home/lkw/catkin_ws/devel/include/ompl-1.6/ompl/base/spaces/constraint/TangentBundleStateSpace.h
-- Up-to-date: /home/lkw/catkin_ws/devel/include/ompl-1.6/ompl/base/spaces/constraint/ProjectedStateSpace.h
-- Up-to-date: /home/lkw/catkin_ws/devel/include/ompl-1.6/ompl/base/spaces/constraint/AtlasStateSpace.h
-- Up-to-date: /home/lkw/catkin_ws/devel/include/ompl-1.6/ompl/base/spaces/constraint/ConstrainedStateSpace.h
-- Up-to-date: /home/lkw/catkin_ws/devel/include/ompl-1.6/ompl/base/spaces/constraint/AtlasChart.h
-- Up-to-date: /home/lkw/catkin_ws/devel/include/ompl-1.6/ompl/base/ScopedState.h
-- Up-to-date: /home/lkw/catkin_ws/devel/include/ompl-1.6/ompl/multilevel
-- Up-to-date: /home/lkw/catkin_ws/devel/include/ompl-1.6/ompl/multilevel/planners
-- Up-to-date: /home/lkw/catkin_ws/devel/include/ompl-1.6/ompl/multilevel/planners/qrrt
-- Up-to-date: /home/lkw/catkin_ws/devel/include/ompl-1.6/ompl/multilevel/planners/qrrt/QRRTStarImpl.h
-- Up-to-date: /home/lkw/catkin_ws/devel/include/ompl-1.6/ompl/multilevel/planners/qrrt/QRRTStar.h
-- Up-to-date: /home/lkw/catkin_ws/devel/include/ompl-1.6/ompl/multilevel/planners/qrrt/QRRTImpl.h
-- Up-to-date: /home/lkw/catkin_ws/devel/include/ompl-1.6/ompl/multilevel/planners/qrrt/QRRT.h
-- Up-to-date: /home/lkw/catkin_ws/devel/include/ompl-1.6/ompl/multilevel/planners/qmp
-- Up-to-date: /home/lkw/catkin_ws/devel/include/ompl-1.6/ompl/multilevel/planners/qmp/QMPStarImpl.h
-- Up-to-date: /home/lkw/catkin_ws/devel/include/ompl-1.6/ompl/multilevel/planners/qmp/QMP.h
-- Up-to-date: /home/lkw/catkin_ws/devel/include/ompl-1.6/ompl/multilevel/planners/qmp/QMPStar.h
-- Up-to-date: /home/lkw/catkin_ws/devel/include/ompl-1.6/ompl/multilevel/planners/qmp/QMPImpl.h
-- Up-to-date: /home/lkw/catkin_ws/devel/include/ompl-1.6/ompl/multilevel/datastructures
-- Up-to-date: /home/lkw/catkin_ws/devel/include/ompl-1.6/ompl/multilevel/datastructures/Parameter.h
-- Up-to-date: /home/lkw/catkin_ws/devel/include/ompl-1.6/ompl/multilevel/datastructures/Projection.h
-- Up-to-date: /home/lkw/catkin_ws/devel/include/ompl-1.6/ompl/multilevel/datastructures/importance
-- Up-to-date: /home/lkw/catkin_ws/devel/include/ompl-1.6/ompl/multilevel/datastructures/importance/Uniform.h
-- Up-to-date: /home/lkw/catkin_ws/devel/include/ompl-1.6/ompl/multilevel/datastructures/importance/Greedy.h
-- Up-to-date: /home/lkw/catkin_ws/devel/include/ompl-1.6/ompl/multilevel/datastructures/importance/Exponential.h
-- Up-to-date: /home/lkw/catkin_ws/devel/include/ompl-1.6/ompl/multilevel/datastructures/importance/BundleSpaceImportance.h
-- Up-to-date: /home/lkw/catkin_ws/devel/include/ompl-1.6/ompl/multilevel/datastructures/PlannerDataVertexAnnotated.h
-- Up-to-date: /home/lkw/catkin_ws/devel/include/ompl-1.6/ompl/multilevel/datastructures/propagators
-- Up-to-date: /home/lkw/catkin_ws/devel/include/ompl-1.6/ompl/multilevel/datastructures/propagators/Geometric.h
-- Up-to-date: /home/lkw/catkin_ws/devel/include/ompl-1.6/ompl/multilevel/datastructures/propagators/BundleSpacePropagator.h
-- Up-to-date: /home/lkw/catkin_ws/devel/include/ompl-1.6/ompl/multilevel/datastructures/BundleSpaceSequence.h
-- Up-to-date: /home/lkw/catkin_ws/devel/include/ompl-1.6/ompl/multilevel/datastructures/PlannerMultiLevel.h
-- Up-to-date: /home/lkw/catkin_ws/devel/include/ompl-1.6/ompl/multilevel/datastructures/BundleSpaceGraph.h
-- Up-to-date: /home/lkw/catkin_ws/devel/include/ompl-1.6/ompl/multilevel/datastructures/metrics
-- Up-to-date: /home/lkw/catkin_ws/devel/include/ompl-1.6/ompl/multilevel/datastructures/metrics/Geodesic.h
-- Up-to-date: /home/lkw/catkin_ws/devel/include/ompl-1.6/ompl/multilevel/datastructures/metrics/BundleSpaceMetric.h
-- Up-to-date: /home/lkw/catkin_ws/devel/include/ompl-1.6/ompl/multilevel/datastructures/projections
-- Up-to-date: /home/lkw/catkin_ws/devel/include/ompl-1.6/ompl/multilevel/datastructures/projections/Identity.h
-- Up-to-date: /home/lkw/catkin_ws/devel/include/ompl-1.6/ompl/multilevel/datastructures/projections/RN_RM.h
-- Up-to-date: /home/lkw/catkin_ws/devel/include/ompl-1.6/ompl/multilevel/datastructures/projections/FiberedProjection.h
-- Up-to-date: /home/lkw/catkin_ws/devel/include/ompl-1.6/ompl/multilevel/datastructures/projections/EmptySet.h
-- Up-to-date: /home/lkw/catkin_ws/devel/include/ompl-1.6/ompl/multilevel/datastructures/projections/XRN_X.h
-- Up-to-date: /home/lkw/catkin_ws/devel/include/ompl-1.6/ompl/multilevel/datastructures/projections/RNSO2_RN.h
-- Up-to-date: /home/lkw/catkin_ws/devel/include/ompl-1.6/ompl/multilevel/datastructures/projections/XRN_X_SO3.h
-- Up-to-date: /home/lkw/catkin_ws/devel/include/ompl-1.6/ompl/multilevel/datastructures/projections/SE3_R3.h
-- Up-to-date: /home/lkw/catkin_ws/devel/include/ompl-1.6/ompl/multilevel/datastructures/projections/XRN_XRM_SO2.h
-- Up-to-date: /home/lkw/catkin_ws/devel/include/ompl-1.6/ompl/multilevel/datastructures/projections/XRN_X_SE3.h
-- Up-to-date: /home/lkw/catkin_ws/devel/include/ompl-1.6/ompl/multilevel/datastructures/projections/SE2_R2.h
-- Up-to-date: /home/lkw/catkin_ws/devel/include/ompl-1.6/ompl/multilevel/datastructures/projections/XRN_XRM_SE2.h
-- Up-to-date: /home/lkw/catkin_ws/devel/include/ompl-1.6/ompl/multilevel/datastructures/projections/SE3RN_R3.h
-- Up-to-date: /home/lkw/catkin_ws/devel/include/ompl-1.6/ompl/multilevel/datastructures/projections/XRN_X_SO2.h
-- Up-to-date: /home/lkw/catkin_ws/devel/include/ompl-1.6/ompl/multilevel/datastructures/projections/SO2N_SO2M.h
-- Up-to-date: /home/lkw/catkin_ws/devel/include/ompl-1.6/ompl/multilevel/datastructures/projections/Relaxation.h
-- Up-to-date: /home/lkw/catkin_ws/devel/include/ompl-1.6/ompl/multilevel/datastructures/projections/SE2RN_R2.h
-- Up-to-date: /home/lkw/catkin_ws/devel/include/ompl-1.6/ompl/multilevel/datastructures/projections/XRN_XRM.h
-- Up-to-date: /home/lkw/catkin_ws/devel/include/ompl-1.6/ompl/multilevel/datastructures/projections/XRN_XRM_SE3.h
-- Up-to-date: /home/lkw/catkin_ws/devel/include/ompl-1.6/ompl/multilevel/datastructures/projections/XRN_X_SE2.h
-- Up-to-date: /home/lkw/catkin_ws/devel/include/ompl-1.6/ompl/multilevel/datastructures/projections/None.h
-- Up-to-date: /home/lkw/catkin_ws/devel/include/ompl-1.6/ompl/multilevel/datastructures/projections/XRN_XRM_SO3.h
-- Up-to-date: /home/lkw/catkin_ws/devel/include/ompl-1.6/ompl/multilevel/datastructures/ProjectionFactory.h
-- Up-to-date: /home/lkw/catkin_ws/devel/include/ompl-1.6/ompl/multilevel/datastructures/ParameterExponentialDecay.h
-- Up-to-date: /home/lkw/catkin_ws/devel/include/ompl-1.6/ompl/multilevel/datastructures/BundleSpaceSequenceImpl.h
-- Up-to-date: /home/lkw/catkin_ws/devel/include/ompl-1.6/ompl/multilevel/datastructures/BundleSpace.h
-- Up-to-date: /home/lkw/catkin_ws/devel/include/ompl-1.6/ompl/multilevel/datastructures/ParameterSmoothStep.h
-- Up-to-date: /home/lkw/catkin_ws/devel/include/ompl-1.6/ompl/multilevel/datastructures/pathrestriction
-- Up-to-date: /home/lkw/catkin_ws/devel/include/ompl-1.6/ompl/multilevel/datastructures/pathrestriction/PathSection.h
-- Up-to-date: /home/lkw/catkin_ws/devel/include/ompl-1.6/ompl/multilevel/datastructures/pathrestriction/FindSectionSideStep.h
-- Up-to-date: /home/lkw/catkin_ws/devel/include/ompl-1.6/ompl/multilevel/datastructures/pathrestriction/FindSectionTypes.h
-- Up-to-date: /home/lkw/catkin_ws/devel/include/ompl-1.6/ompl/multilevel/datastructures/pathrestriction/PathRestriction.h
-- Up-to-date: /home/lkw/catkin_ws/devel/include/ompl-1.6/ompl/multilevel/datastructures/pathrestriction/FindSection.h
-- Up-to-date: /home/lkw/catkin_ws/devel/include/ompl-1.6/ompl/multilevel/datastructures/pathrestriction/HeadAnalyzer.h
-- Up-to-date: /home/lkw/catkin_ws/devel/include/ompl-1.6/ompl/multilevel/datastructures/pathrestriction/Head.h
-- Up-to-date: /home/lkw/catkin_ws/devel/include/ompl-1.6/ompl/multilevel/datastructures/graphsampler
-- Up-to-date: /home/lkw/catkin_ws/devel/include/ompl-1.6/ompl/multilevel/datastructures/graphsampler/RandomDegreeVertex.h
-- Up-to-date: /home/lkw/catkin_ws/devel/include/ompl-1.6/ompl/multilevel/datastructures/graphsampler/GraphSampler.h
-- Up-to-date: /home/lkw/catkin_ws/devel/include/ompl-1.6/ompl/multilevel/datastructures/graphsampler/RandomVertex.h
-- Up-to-date: /home/lkw/catkin_ws/devel/include/ompl-1.6/ompl/multilevel/datastructures/graphsampler/RandomEdge.h
-- Up-to-date: /home/lkw/catkin_ws/devel/include/ompl-1.6/ompl/multilevel/datastructures/ProjectionTypes.h
-- Up-to-date: /home/lkw/catkin_ws/devel/include/ompl-1.6/ompl/datastructures
-- Up-to-date: /home/lkw/catkin_ws/devel/include/ompl-1.6/ompl/datastructures/NearestNeighborsFLANN.h
-- Up-to-date: /home/lkw/catkin_ws/devel/include/ompl-1.6/ompl/datastructures/GridB.h
-- Up-to-date: /home/lkw/catkin_ws/devel/include/ompl-1.6/ompl/datastructures/DynamicSSSP.h
-- Up-to-date: /home/lkw/catkin_ws/devel/include/ompl-1.6/ompl/datastructures/BinaryHeap.h
-- Up-to-date: /home/lkw/catkin_ws/devel/include/ompl-1.6/ompl/datastructures/NearestNeighborsLinear.h
-- Up-to-date: /home/lkw/catkin_ws/devel/include/ompl-1.6/ompl/datastructures/Permutation.h
-- Up-to-date: /home/lkw/catkin_ws/devel/include/ompl-1.6/ompl/datastructures/NearestNeighborsGNATNoThreadSafety.h
-- Up-to-date: /home/lkw/catkin_ws/devel/include/ompl-1.6/ompl/datastructures/NearestNeighbors.h
-- Up-to-date: /home/lkw/catkin_ws/devel/include/ompl-1.6/ompl/datastructures/NearestNeighborsGNAT.h
-- Up-to-date: /home/lkw/catkin_ws/devel/include/ompl-1.6/ompl/datastructures/GreedyKCenters.h
-- Up-to-date: /home/lkw/catkin_ws/devel/include/ompl-1.6/ompl/datastructures/NearestNeighborsSqrtApprox.h
-- Up-to-date: /home/lkw/catkin_ws/devel/include/ompl-1.6/ompl/datastructures/PDF.h
-- Up-to-date: /home/lkw/catkin_ws/devel/include/ompl-1.6/ompl/datastructures/AdjacencyList.h
-- Up-to-date: /home/lkw/catkin_ws/devel/include/ompl-1.6/ompl/datastructures/LPAstarOnGraph.h
-- Up-to-date: /home/lkw/catkin_ws/devel/include/ompl-1.6/ompl/datastructures/GridN.h
-- Up-to-date: /home/lkw/catkin_ws/devel/include/ompl-1.6/ompl/datastructures/Grid.h
-- Up-to-date: /home/lkw/catkin_ws/devel/include/ompl-1.6/ompl/geometric
-- Up-to-date: /home/lkw/catkin_ws/devel/include/ompl-1.6/ompl/geometric/HillClimbing.h
-- Up-to-date: /home/lkw/catkin_ws/devel/include/ompl-1.6/ompl/geometric/PathGeometric.h
-- Up-to-date: /home/lkw/catkin_ws/devel/include/ompl-1.6/ompl/geometric/planners
-- Up-to-date: /home/lkw/catkin_ws/devel/include/ompl-1.6/ompl/geometric/planners/rlrt
-- Up-to-date: /home/lkw/catkin_ws/devel/include/ompl-1.6/ompl/geometric/planners/rlrt/BiRLRT.h
-- Up-to-date: /home/lkw/catkin_ws/devel/include/ompl-1.6/ompl/geometric/planners/rlrt/RLRT.h
-- Up-to-date: /home/lkw/catkin_ws/devel/include/ompl-1.6/ompl/geometric/planners/fmt
-- Up-to-date: /home/lkw/catkin_ws/devel/include/ompl-1.6/ompl/geometric/planners/fmt/BFMT.h
-- Up-to-date: /home/lkw/catkin_ws/devel/include/ompl-1.6/ompl/geometric/planners/fmt/FMT.h
-- Up-to-date: /home/lkw/catkin_ws/devel/include/ompl-1.6/ompl/geometric/planners/stride
-- Up-to-date: /home/lkw/catkin_ws/devel/include/ompl-1.6/ompl/geometric/planners/stride/STRIDE.h
-- Up-to-date: /home/lkw/catkin_ws/devel/include/ompl-1.6/ompl/geometric/planners/pdst
-- Up-to-date: /home/lkw/catkin_ws/devel/include/ompl-1.6/ompl/geometric/planners/pdst/PDST.h
-- Up-to-date: /home/lkw/catkin_ws/devel/include/ompl-1.6/ompl/geometric/planners/kpiece
-- Up-to-date: /home/lkw/catkin_ws/devel/include/ompl-1.6/ompl/geometric/planners/kpiece/KPIECE1.h
-- Up-to-date: /home/lkw/catkin_ws/devel/include/ompl-1.6/ompl/geometric/planners/kpiece/BKPIECE1.h
-- Up-to-date: /home/lkw/catkin_ws/devel/include/ompl-1.6/ompl/geometric/planners/kpiece/Discretization.h
-- Up-to-date: /home/lkw/catkin_ws/devel/include/ompl-1.6/ompl/geometric/planners/kpiece/LBKPIECE1.h
-- Up-to-date: /home/lkw/catkin_ws/devel/include/ompl-1.6/ompl/geometric/planners/prm
-- Up-to-date: /home/lkw/catkin_ws/devel/include/ompl-1.6/ompl/geometric/planners/prm/PRMstar.h
-- Up-to-date: /home/lkw/catkin_ws/devel/include/ompl-1.6/ompl/geometric/planners/prm/SPARS.h
-- Up-to-date: /home/lkw/catkin_ws/devel/include/ompl-1.6/ompl/geometric/planners/prm/LazyPRMstar.h
-- Up-to-date: /home/lkw/catkin_ws/devel/include/ompl-1.6/ompl/geometric/planners/prm/LazyPRM.h
-- Up-to-date: /home/lkw/catkin_ws/devel/include/ompl-1.6/ompl/geometric/planners/prm/PRM.h
-- Up-to-date: /home/lkw/catkin_ws/devel/include/ompl-1.6/ompl/geometric/planners/prm/ConnectionStrategy.h
-- Up-to-date: /home/lkw/catkin_ws/devel/include/ompl-1.6/ompl/geometric/planners/prm/SPARStwo.h
-- Up-to-date: /home/lkw/catkin_ws/devel/include/ompl-1.6/ompl/geometric/planners/est
-- Up-to-date: /home/lkw/catkin_ws/devel/include/ompl-1.6/ompl/geometric/planners/est/ProjEST.h
-- Up-to-date: /home/lkw/catkin_ws/devel/include/ompl-1.6/ompl/geometric/planners/est/EST.h
-- Up-to-date: /home/lkw/catkin_ws/devel/include/ompl-1.6/ompl/geometric/planners/est/BiEST.h
-- Up-to-date: /home/lkw/catkin_ws/devel/include/ompl-1.6/ompl/geometric/planners/xxl
-- Up-to-date: /home/lkw/catkin_ws/devel/include/ompl-1.6/ompl/geometric/planners/xxl/XXLPositionDecomposition.h
-- Up-to-date: /home/lkw/catkin_ws/devel/include/ompl-1.6/ompl/geometric/planners/xxl/XXLPlanarDecomposition.h
-- Up-to-date: /home/lkw/catkin_ws/devel/include/ompl-1.6/ompl/geometric/planners/xxl/XXL.h
-- Up-to-date: /home/lkw/catkin_ws/devel/include/ompl-1.6/ompl/geometric/planners/xxl/XXLDecomposition.h
-- Up-to-date: /home/lkw/catkin_ws/devel/include/ompl-1.6/ompl/geometric/planners/experience
-- Up-to-date: /home/lkw/catkin_ws/devel/include/ompl-1.6/ompl/geometric/planners/experience/ThunderRetrieveRepair.h
-- Up-to-date: /home/lkw/catkin_ws/devel/include/ompl-1.6/ompl/geometric/planners/experience/LightningRetrieveRepair.h
-- Up-to-date: /home/lkw/catkin_ws/devel/include/ompl-1.6/ompl/geometric/planners/rrt
-- Up-to-date: /home/lkw/catkin_ws/devel/include/ompl-1.6/ompl/geometric/planners/rrt/RRTsharp.h
-- Up-to-date: /home/lkw/catkin_ws/devel/include/ompl-1.6/ompl/geometric/planners/rrt/RRTXstatic.h
-- Up-to-date: /home/lkw/catkin_ws/devel/include/ompl-1.6/ompl/geometric/planners/rrt/STRRTstar.h
-- Up-to-date: /home/lkw/catkin_ws/devel/include/ompl-1.6/ompl/geometric/planners/rrt/LazyRRT.h
-- Up-to-date: /home/lkw/catkin_ws/devel/include/ompl-1.6/ompl/geometric/planners/rrt/LazyLBTRRT.h
-- Up-to-date: /home/lkw/catkin_ws/devel/include/ompl-1.6/ompl/geometric/planners/rrt/InformedRRTstar.h
-- Up-to-date: /home/lkw/catkin_ws/devel/include/ompl-1.6/ompl/geometric/planners/rrt/pRRT.h
-- Up-to-date: /home/lkw/catkin_ws/devel/include/ompl-1.6/ompl/geometric/planners/rrt/RRTstar.h
-- Up-to-date: /home/lkw/catkin_ws/devel/include/ompl-1.6/ompl/geometric/planners/rrt/SORRTstar.h
-- Up-to-date: /home/lkw/catkin_ws/devel/include/ompl-1.6/ompl/geometric/planners/rrt/BiTRRT.h
-- Up-to-date: /home/lkw/catkin_ws/devel/include/ompl-1.6/ompl/geometric/planners/rrt/LBTRRT.h
-- Up-to-date: /home/lkw/catkin_ws/devel/include/ompl-1.6/ompl/geometric/planners/rrt/RRT.h
-- Up-to-date: /home/lkw/catkin_ws/devel/include/ompl-1.6/ompl/geometric/planners/rrt/TSRRT.h
-- Up-to-date: /home/lkw/catkin_ws/devel/include/ompl-1.6/ompl/geometric/planners/rrt/TRRT.h
-- Up-to-date: /home/lkw/catkin_ws/devel/include/ompl-1.6/ompl/geometric/planners/rrt/VFRRT.h
-- Up-to-date: /home/lkw/catkin_ws/devel/include/ompl-1.6/ompl/geometric/planners/rrt/RRTConnect.h
-- Up-to-date: /home/lkw/catkin_ws/devel/include/ompl-1.6/ompl/geometric/planners/PlannerIncludes.h
-- Up-to-date: /home/lkw/catkin_ws/devel/include/ompl-1.6/ompl/geometric/planners/informedtrees
-- Up-to-date: /home/lkw/catkin_ws/devel/include/ompl-1.6/ompl/geometric/planners/informedtrees/BITstar.h
-- Up-to-date: /home/lkw/catkin_ws/devel/include/ompl-1.6/ompl/geometric/planners/informedtrees/eitstar
-- Up-to-date: /home/lkw/catkin_ws/devel/include/ompl-1.6/ompl/geometric/planners/informedtrees/eitstar/Direction.h
-- Up-to-date: /home/lkw/catkin_ws/devel/include/ompl-1.6/ompl/geometric/planners/informedtrees/eitstar/State.h
-- Up-to-date: /home/lkw/catkin_ws/devel/include/ompl-1.6/ompl/geometric/planners/informedtrees/eitstar/RandomGeometricGraph.h
-- Up-to-date: /home/lkw/catkin_ws/devel/include/ompl-1.6/ompl/geometric/planners/informedtrees/eitstar/Vertex.h
-- Up-to-date: /home/lkw/catkin_ws/devel/include/ompl-1.6/ompl/geometric/planners/informedtrees/eitstar/ForwardQueue.h
-- Up-to-date: /home/lkw/catkin_ws/devel/include/ompl-1.6/ompl/geometric/planners/informedtrees/eitstar/ReverseQueue.h
-- Up-to-date: /home/lkw/catkin_ws/devel/include/ompl-1.6/ompl/geometric/planners/informedtrees/eitstar/Edge.h
-- Up-to-date: /home/lkw/catkin_ws/devel/include/ompl-1.6/ompl/geometric/planners/informedtrees/bitstar
-- Up-to-date: /home/lkw/catkin_ws/devel/include/ompl-1.6/ompl/geometric/planners/informedtrees/bitstar/IdGenerator.h
-- Up-to-date: /home/lkw/catkin_ws/devel/include/ompl-1.6/ompl/geometric/planners/informedtrees/bitstar/Vertex.h
-- Up-to-date: /home/lkw/catkin_ws/devel/include/ompl-1.6/ompl/geometric/planners/informedtrees/bitstar/CostHelper.h
-- Up-to-date: /home/lkw/catkin_ws/devel/include/ompl-1.6/ompl/geometric/planners/informedtrees/bitstar/ImplicitGraph.h
-- Up-to-date: /home/lkw/catkin_ws/devel/include/ompl-1.6/ompl/geometric/planners/informedtrees/bitstar/HelperFunctions.h
-- Up-to-date: /home/lkw/catkin_ws/devel/include/ompl-1.6/ompl/geometric/planners/informedtrees/bitstar/SearchQueue.h
-- Up-to-date: /home/lkw/catkin_ws/devel/include/ompl-1.6/ompl/geometric/planners/informedtrees/EITstar.h
-- Up-to-date: /home/lkw/catkin_ws/devel/include/ompl-1.6/ompl/geometric/planners/informedtrees/aitstar
-- Up-to-date: /home/lkw/catkin_ws/devel/include/ompl-1.6/ompl/geometric/planners/informedtrees/aitstar/Vertex.h
-- Up-to-date: /home/lkw/catkin_ws/devel/include/ompl-1.6/ompl/geometric/planners/informedtrees/aitstar/ImplicitGraph.h
-- Up-to-date: /home/lkw/catkin_ws/devel/include/ompl-1.6/ompl/geometric/planners/informedtrees/aitstar/Edge.h
-- Up-to-date: /home/lkw/catkin_ws/devel/include/ompl-1.6/ompl/geometric/planners/informedtrees/aitstar/Queuetypes.h
-- Up-to-date: /home/lkw/catkin_ws/devel/include/ompl-1.6/ompl/geometric/planners/informedtrees/AITstar.h
-- Up-to-date: /home/lkw/catkin_ws/devel/include/ompl-1.6/ompl/geometric/planners/informedtrees/EIRMstar.h
-- Up-to-date: /home/lkw/catkin_ws/devel/include/ompl-1.6/ompl/geometric/planners/informedtrees/ABITstar.h
-- Up-to-date: /home/lkw/catkin_ws/devel/include/ompl-1.6/ompl/geometric/planners/AnytimePathShortening.h
-- Up-to-date: /home/lkw/catkin_ws/devel/include/ompl-1.6/ompl/geometric/planners/cforest
-- Up-to-date: /home/lkw/catkin_ws/devel/include/ompl-1.6/ompl/geometric/planners/cforest/CForestStateSpaceWrapper.h
-- Up-to-date: /home/lkw/catkin_ws/devel/include/ompl-1.6/ompl/geometric/planners/cforest/CForestStateSampler.h
-- Up-to-date: /home/lkw/catkin_ws/devel/include/ompl-1.6/ompl/geometric/planners/cforest/CForest.h
-- Up-to-date: /home/lkw/catkin_ws/devel/include/ompl-1.6/ompl/geometric/planners/sbl
-- Up-to-date: /home/lkw/catkin_ws/devel/include/ompl-1.6/ompl/geometric/planners/sbl/SBL.h
-- Up-to-date: /home/lkw/catkin_ws/devel/include/ompl-1.6/ompl/geometric/planners/sbl/pSBL.h
-- Up-to-date: /home/lkw/catkin_ws/devel/include/ompl-1.6/ompl/geometric/planners/sst
-- Up-to-date: /home/lkw/catkin_ws/devel/include/ompl-1.6/ompl/geometric/planners/sst/SST.h
-- Up-to-date: /home/lkw/catkin_ws/devel/include/ompl-1.6/ompl/geometric/PathHybridization.h
-- Up-to-date: /home/lkw/catkin_ws/devel/include/ompl-1.6/ompl/geometric/SimpleSetup.h
-- Up-to-date: /home/lkw/catkin_ws/devel/include/ompl-1.6/ompl/geometric/PathSimplifier.h
-- Up-to-date: /home/lkw/catkin_ws/devel/include/ompl-1.6/ompl/geometric/GeneticSearch.h
-- Up-to-date: /home/lkw/catkin_ws/devel/include/ompl-1.6/ompl/util
-- Up-to-date: /home/lkw/catkin_ws/devel/include/ompl-1.6/ompl/util/Console.h
-- Up-to-date: /home/lkw/catkin_ws/devel/include/ompl-1.6/ompl/util/Exception.h
-- Up-to-date: /home/lkw/catkin_ws/devel/include/ompl-1.6/ompl/util/RandomNumbers.h
-- Up-to-date: /home/lkw/catkin_ws/devel/include/ompl-1.6/ompl/util/String.h
-- Up-to-date: /home/lkw/catkin_ws/devel/include/ompl-1.6/ompl/util/Hash.h
-- Up-to-date: /home/lkw/catkin_ws/devel/include/ompl-1.6/ompl/util/ClassForward.h
-- Up-to-date: /home/lkw/catkin_ws/devel/include/ompl-1.6/ompl/util/GeometricEquations.h
-- Up-to-date: /home/lkw/catkin_ws/devel/include/ompl-1.6/ompl/util/PPM.h
-- Up-to-date: /home/lkw/catkin_ws/devel/include/ompl-1.6/ompl/util/DisableCompilerWarning.h
-- Up-to-date: /home/lkw/catkin_ws/devel/include/ompl-1.6/ompl/util/Time.h
-- Up-to-date: /home/lkw/catkin_ws/devel/include/ompl-1.6/ompl/util/ProlateHyperspheroid.h
-- Up-to-date: /home/lkw/catkin_ws/devel/include/ompl-1.6/ompl/extensions
-- Up-to-date: /home/lkw/catkin_ws/devel/include/ompl-1.6/ompl/extensions/ode
-- Up-to-date: /home/lkw/catkin_ws/devel/include/ompl-1.6/ompl/extensions/ode/OpenDEStateSpace.h
-- Up-to-date: /home/lkw/catkin_ws/devel/include/ompl-1.6/ompl/extensions/ode/OpenDEStatePropagator.h
-- Up-to-date: /home/lkw/catkin_ws/devel/include/ompl-1.6/ompl/extensions/ode/OpenDEControlSpace.h
-- Up-to-date: /home/lkw/catkin_ws/devel/include/ompl-1.6/ompl/extensions/ode/OpenDEStateValidityChecker.h
-- Up-to-date: /home/lkw/catkin_ws/devel/include/ompl-1.6/ompl/extensions/ode/OpenDESimpleSetup.h
-- Up-to-date: /home/lkw/catkin_ws/devel/include/ompl-1.6/ompl/extensions/ode/OpenDEEnvironment.h
-- Up-to-date: /home/lkw/catkin_ws/devel/include/ompl-1.6/ompl/extensions/morse
-- Up-to-date: /home/lkw/catkin_ws/devel/include/ompl-1.6/ompl/extensions/morse/MorseProjection.h
-- Up-to-date: /home/lkw/catkin_ws/devel/include/ompl-1.6/ompl/extensions/morse/MorseTerminationCondition.h
-- Up-to-date: /home/lkw/catkin_ws/devel/include/ompl-1.6/ompl/extensions/morse/MorseStatePropagator.h
-- Up-to-date: /home/lkw/catkin_ws/devel/include/ompl-1.6/ompl/extensions/morse/MorseEnvironment.h
-- Up-to-date: /home/lkw/catkin_ws/devel/include/ompl-1.6/ompl/extensions/morse/MorseStateSpace.h
-- Up-to-date: /home/lkw/catkin_ws/devel/include/ompl-1.6/ompl/extensions/morse/MorseStateValidityChecker.h
-- Up-to-date: /home/lkw/catkin_ws/devel/include/ompl-1.6/ompl/extensions/morse/MorseSimpleSetup.h
-- Up-to-date: /home/lkw/catkin_ws/devel/include/ompl-1.6/ompl/extensions/morse/MorseGoal.h
-- Up-to-date: /home/lkw/catkin_ws/devel/include/ompl-1.6/ompl/extensions/morse/MorseControlSpace.h
-- Up-to-date: /home/lkw/catkin_ws/devel/include/ompl-1.6/ompl/extensions/triangle
-- Up-to-date: /home/lkw/catkin_ws/devel/include/ompl-1.6/ompl/extensions/triangle/TriangularDecomposition.h
-- Up-to-date: /home/lkw/catkin_ws/devel/include/ompl-1.6/ompl/extensions/triangle/PropositionalTriangularDecomposition.h
-- Up-to-date: /home/lkw/catkin_ws/devel/include/ompl-1.6/ompl/config.h
-- Installing: /home/lkw/catkin_ws/devel/lib/libompl.so.1.6.0
-- Up-to-date: /home/lkw/catkin_ws/devel/lib/libompl.so.17
-- Set runtime path of "/home/lkw/catkin_ws/devel/lib/libompl.so.1.6.0" to "/home/lkw/catkin_ws/devel/lib"
-- Up-to-date: /home/lkw/catkin_ws/devel/lib/libompl.so
-- Up-to-date: /home/lkw/catkin_ws/devel/share/ompl/demos/KinematicChainPathPlot.py
-- Up-to-date: /home/lkw/catkin_ws/devel/share/ompl/demos/OptimalPlanning.py
-- Up-to-date: /home/lkw/catkin_ws/devel/share/ompl/demos/PlannerData.py
-- Up-to-date: /home/lkw/catkin_ws/devel/share/ompl/demos/Point2DPlanning.py
-- Up-to-date: /home/lkw/catkin_ws/devel/share/ompl/demos/RandomWalkPlanner.py
-- Up-to-date: /home/lkw/catkin_ws/devel/share/ompl/demos/RigidBodyPlanning.py
-- Up-to-date: /home/lkw/catkin_ws/devel/share/ompl/demos/RigidBodyPlanningWithControls.py
-- Up-to-date: /home/lkw/catkin_ws/devel/share/ompl/demos/RigidBodyPlanningWithODESolverAndControls.py
-- Up-to-date: /home/lkw/catkin_ws/devel/share/ompl/demos/StateSampling.py
-- Up-to-date: /home/lkw/catkin_ws/devel/share/ompl/demos/CForestCircleGridBenchmark.cpp
-- Up-to-date: /home/lkw/catkin_ws/devel/share/ompl/demos/Diagonal.cpp
-- Up-to-date: /home/lkw/catkin_ws/devel/share/ompl/demos/GeometricCarPlanning.cpp
-- Up-to-date: /home/lkw/catkin_ws/devel/share/ompl/demos/HybridSystemPlanning.cpp
-- Up-to-date: /home/lkw/catkin_ws/devel/share/ompl/demos/HypercubeBenchmark.cpp
-- Up-to-date: /home/lkw/catkin_ws/devel/share/ompl/demos/KinematicChainBenchmark.cpp
-- Up-to-date: /home/lkw/catkin_ws/devel/share/ompl/demos/LTLWithTriangulation.cpp
-- Up-to-date: /home/lkw/catkin_ws/devel/share/ompl/demos/OpenDERigidBodyPlanning.cpp
-- Up-to-date: /home/lkw/catkin_ws/devel/share/ompl/demos/OptimalPlanning.cpp
-- Up-to-date: /home/lkw/catkin_ws/devel/share/ompl/demos/PlannerData.cpp
-- Up-to-date: /home/lkw/catkin_ws/devel/share/ompl/demos/PlannerProgressProperties.cpp
-- Up-to-date: /home/lkw/catkin_ws/devel/share/ompl/demos/Point2DPlanning.cpp
-- Up-to-date: /home/lkw/catkin_ws/devel/share/ompl/demos/RigidBodyPlanning.cpp
-- Up-to-date: /home/lkw/catkin_ws/devel/share/ompl/demos/RigidBodyPlanningWithControls.cpp
-- Up-to-date: /home/lkw/catkin_ws/devel/share/ompl/demos/RigidBodyPlanningWithIK.cpp
-- Up-to-date: /home/lkw/catkin_ws/devel/share/ompl/demos/RigidBodyPlanningWithIntegrationAndControls.cpp
-- Up-to-date: /home/lkw/catkin_ws/devel/share/ompl/demos/RigidBodyPlanningWithODESolverAndControls.cpp
-- Up-to-date: /home/lkw/catkin_ws/devel/share/ompl/demos/SpaceTimePlanning.cpp
-- Up-to-date: /home/lkw/catkin_ws/devel/share/ompl/demos/StateSampling.cpp
-- Up-to-date: /home/lkw/catkin_ws/devel/share/ompl/demos/ThunderLightning.cpp
-- Up-to-date: /home/lkw/catkin_ws/devel/share/ompl/demos/TriangulationDemo.cpp
-- Up-to-date: /home/lkw/catkin_ws/devel/share/ompl/demos/Koules
-- Up-to-date: /home/lkw/catkin_ws/devel/share/ompl/demos/Koules/KoulesStateSpace.cpp
-- Up-to-date: /home/lkw/catkin_ws/devel/share/ompl/demos/Koules/KoulesProjection.h
-- Up-to-date: /home/lkw/catkin_ws/devel/share/ompl/demos/Koules/KoulesDecomposition.h
-- Up-to-date: /home/lkw/catkin_ws/devel/share/ompl/demos/Koules/KoulesSimulator.cpp
-- Up-to-date: /home/lkw/catkin_ws/devel/share/ompl/demos/Koules/KoulesDirectedControlSampler.h
-- Up-to-date: /home/lkw/catkin_ws/devel/share/ompl/demos/Koules/KoulesGoal.h
-- Up-to-date: /home/lkw/catkin_ws/devel/share/ompl/demos/Koules/Koules.cpp
-- Up-to-date: /home/lkw/catkin_ws/devel/share/ompl/demos/Koules/KoulesDirectedControlSampler.cpp
-- Up-to-date: /home/lkw/catkin_ws/devel/share/ompl/demos/Koules/KoulesConfig.h
-- Up-to-date: /home/lkw/catkin_ws/devel/share/ompl/demos/Koules/KoulesSimulator.h
-- Up-to-date: /home/lkw/catkin_ws/devel/share/ompl/demos/Koules/KoulesControlSpace.h
-- Up-to-date: /home/lkw/catkin_ws/devel/share/ompl/demos/Koules/KoulesPlayback.py
-- Up-to-date: /home/lkw/catkin_ws/devel/share/ompl/demos/Koules/KoulesSetup.h
-- Up-to-date: /home/lkw/catkin_ws/devel/share/ompl/demos/Koules/KoulesStateSpace.h
-- Up-to-date: /home/lkw/catkin_ws/devel/share/ompl/demos/Koules/KoulesGoal.cpp
-- Up-to-date: /home/lkw/catkin_ws/devel/share/ompl/demos/Koules/KoulesStatePropagator.cpp
-- Up-to-date: /home/lkw/catkin_ws/devel/share/ompl/demos/Koules/KoulesStatePropagator.h
-- Up-to-date: /home/lkw/catkin_ws/devel/share/ompl/demos/Koules/KoulesControlSpace.cpp
-- Up-to-date: /home/lkw/catkin_ws/devel/share/ompl/demos/Koules/KoulesSetup.cpp
-- Up-to-date: /home/lkw/catkin_ws/devel/share/ompl/demos/VFRRT
-- Up-to-date: /home/lkw/catkin_ws/devel/share/ompl/demos/VFRRT/VectorFieldNonconservative.cpp
-- Up-to-date: /home/lkw/catkin_ws/devel/share/ompl/demos/VFRRT/plotConservative.py
-- Up-to-date: /home/lkw/catkin_ws/devel/share/ompl/demos/VFRRT/VectorFieldConservative.cpp
-- Up-to-date: /home/lkw/catkin_ws/devel/share/ompl/demos/VFRRT/plotNonconservative.py
-- Up-to-date: /home/lkw/catkin_ws/devel/bin/ompl_benchmark_statistics.py
-- Up-to-date: /home/lkw/catkin_ws/devel/share/man/man1/ompl_benchmark_statistics.1
-- Up-to-date: /home/lkw/catkin_ws/devel/share/man/man1/plannerarena.1
