[  0%] [32mBuilding CXX object src/ompl/CMakeFiles/ompl.dir/base/goals/src/GoalLazySamples.cpp.o[0m
[  1%] [32mBuilding CXX object src/ompl/CMakeFiles/ompl.dir/base/goals/src/GoalRegion.cpp.o[0m
[  1%] [32mBuilding CXX object src/ompl/CMakeFiles/ompl.dir/base/goals/src/GoalSpace.cpp.o[0m
[  1%] [32mBuilding CXX object src/ompl/CMakeFiles/ompl.dir/base/goals/src/GoalState.cpp.o[0m
[  1%] [32mBuilding CXX object src/ompl/CMakeFiles/ompl.dir/base/goals/src/GoalStates.cpp.o[0m
[  2%] [32mBuilding CXX object src/ompl/CMakeFiles/ompl.dir/base/objectives/src/ControlDurationObjective.cpp.o[0m
[  2%] [32mBuilding CXX object src/ompl/CMakeFiles/ompl.dir/base/objectives/src/MaximizeMinClearanceObjective.cpp.o[0m
[  2%] [32mBuilding CXX object src/ompl/CMakeFiles/ompl.dir/base/objectives/src/MechanicalWorkOptimizationObjective.cpp.o[0m
[  2%] [32mBuilding CXX object src/ompl/CMakeFiles/ompl.dir/base/objectives/src/MinimaxObjective.cpp.o[0m
[  3%] [32mBuilding CXX object src/ompl/CMakeFiles/ompl.dir/base/objectives/src/MinimizeArrivalTime.cpp.o[0m
[  3%] [32mBuilding CXX object src/ompl/CMakeFiles/ompl.dir/base/objectives/src/PathLengthOptimizationObjective.cpp.o[0m
[  3%] [32mBuilding CXX object src/ompl/CMakeFiles/ompl.dir/base/objectives/src/StateCostIntegralObjective.cpp.o[0m
[  4%] [32mBuilding CXX object src/ompl/CMakeFiles/ompl.dir/base/samplers/deterministic/src/HaltonSequence.cpp.o[0m
[  4%] [32mBuilding CXX object src/ompl/CMakeFiles/ompl.dir/base/samplers/deterministic/src/PrecomputedSequence.cpp.o[0m
[  4%] [32mBuilding CXX object src/ompl/CMakeFiles/ompl.dir/base/samplers/informed/src/OrderedInfSampler.cpp.o[0m
[  4%] [32mBuilding CXX object src/ompl/CMakeFiles/ompl.dir/base/samplers/informed/src/PathLengthDirectInfSampler.cpp.o[0m
[  5%] [32mBuilding CXX object src/ompl/CMakeFiles/ompl.dir/base/samplers/informed/src/RejectionInfSampler.cpp.o[0m
[  5%] [32mBuilding CXX object src/ompl/CMakeFiles/ompl.dir/base/samplers/src/BridgeTestValidStateSampler.cpp.o[0m
[  5%] [32mBuilding CXX object src/ompl/CMakeFiles/ompl.dir/base/samplers/src/ConditionalStateSampler.cpp.o[0m
[  5%] [32mBuilding CXX object src/ompl/CMakeFiles/ompl.dir/base/samplers/src/DeterministicStateSampler.cpp.o[0m
[  6%] [32mBuilding CXX object src/ompl/CMakeFiles/ompl.dir/base/samplers/src/GaussianValidStateSampler.cpp.o[0m
[  6%] [32mBuilding CXX object src/ompl/CMakeFiles/ompl.dir/base/samplers/src/InformedStateSampler.cpp.o[0m
[  6%] [32mBuilding CXX object src/ompl/CMakeFiles/ompl.dir/base/samplers/src/MaximizeClearanceValidStateSampler.cpp.o[0m
[  7%] [32mBuilding CXX object src/ompl/CMakeFiles/ompl.dir/base/samplers/src/MinimumClearanceValidStateSampler.cpp.o[0m
[  7%] [32mBuilding CXX object src/ompl/CMakeFiles/ompl.dir/base/samplers/src/ObstacleBasedValidStateSampler.cpp.o[0m
[  7%] [32mBuilding CXX object src/ompl/CMakeFiles/ompl.dir/base/samplers/src/UniformValidStateSampler.cpp.o[0m
[  7%] [32mBuilding CXX object src/ompl/CMakeFiles/ompl.dir/base/spaces/constraint/src/AtlasChart.cpp.o[0m
[  8%] [32mBuilding CXX object src/ompl/CMakeFiles/ompl.dir/base/spaces/constraint/src/AtlasStateSpace.cpp.o[0m
[  8%] [32mBuilding CXX object src/ompl/CMakeFiles/ompl.dir/base/spaces/constraint/src/ConstrainedStateSpace.cpp.o[0m
[  8%] [32mBuilding CXX object src/ompl/CMakeFiles/ompl.dir/base/spaces/constraint/src/ProjectedStateSpace.cpp.o[0m
[  8%] [32mBuilding CXX object src/ompl/CMakeFiles/ompl.dir/base/spaces/constraint/src/TangentBundleStateSpace.cpp.o[0m
[  9%] [32mBuilding CXX object src/ompl/CMakeFiles/ompl.dir/base/spaces/special/src/KleinBottleStateSpace.cpp.o[0m
[  9%] [32mBuilding CXX object src/ompl/CMakeFiles/ompl.dir/base/spaces/special/src/MobiusStateSpace.cpp.o[0m
[  9%] [32mBuilding CXX object src/ompl/CMakeFiles/ompl.dir/base/spaces/special/src/SphereStateSpace.cpp.o[0m
[ 10%] [32mBuilding CXX object src/ompl/CMakeFiles/ompl.dir/base/spaces/special/src/TorusStateSpace.cpp.o[0m
[ 10%] [32mBuilding CXX object src/ompl/CMakeFiles/ompl.dir/base/spaces/src/DiscreteStateSpace.cpp.o[0m
[ 10%] [32mBuilding CXX object src/ompl/CMakeFiles/ompl.dir/base/spaces/src/DubinsStateSpace.cpp.o[0m
[ 10%] [32mBuilding CXX object src/ompl/CMakeFiles/ompl.dir/base/spaces/src/RealVectorBounds.cpp.o[0m
[ 11%] [32mBuilding CXX object src/ompl/CMakeFiles/ompl.dir/base/spaces/src/RealVectorStateProjections.cpp.o[0m
[ 11%] [32mBuilding CXX object src/ompl/CMakeFiles/ompl.dir/base/spaces/src/RealVectorStateSpace.cpp.o[0m
[ 11%] [32mBuilding CXX object src/ompl/CMakeFiles/ompl.dir/base/spaces/src/ReedsSheppStateSpace.cpp.o[0m
[ 11%] [32mBuilding CXX object src/ompl/CMakeFiles/ompl.dir/base/spaces/src/SE2StateSpace.cpp.o[0m
[ 12%] [32mBuilding CXX object src/ompl/CMakeFiles/ompl.dir/base/spaces/src/SE3StateSpace.cpp.o[0m
[ 12%] [32mBuilding CXX object src/ompl/CMakeFiles/ompl.dir/base/spaces/src/SO2StateSpace.cpp.o[0m
[ 12%] [32mBuilding CXX object src/ompl/CMakeFiles/ompl.dir/base/spaces/src/SO3StateSpace.cpp.o[0m
[ 13%] [32mBuilding CXX object src/ompl/CMakeFiles/ompl.dir/base/spaces/src/SpaceTimeStateSpace.cpp.o[0m
[ 13%] [32mBuilding CXX object src/ompl/CMakeFiles/ompl.dir/base/spaces/src/TimeStateSpace.cpp.o[0m
[ 13%] [32mBuilding CXX object src/ompl/CMakeFiles/ompl.dir/base/spaces/src/WrapperStateSpace.cpp.o[0m
[ 13%] [32mBuilding CXX object src/ompl/CMakeFiles/ompl.dir/base/src/Constraint.cpp.o[0m
[ 14%] [32mBuilding CXX object src/ompl/CMakeFiles/ompl.dir/base/src/Cost.cpp.o[0m
[ 14%] [32mBuilding CXX object src/ompl/CMakeFiles/ompl.dir/base/src/DiscreteMotionValidator.cpp.o[0m
[ 14%] [32mBuilding CXX object src/ompl/CMakeFiles/ompl.dir/base/src/GenericParam.cpp.o[0m
[ 14%] [32mBuilding CXX object src/ompl/CMakeFiles/ompl.dir/base/src/Goal.cpp.o[0m
[ 15%] [32mBuilding CXX object src/ompl/CMakeFiles/ompl.dir/base/src/OptimizationObjective.cpp.o[0m
[ 15%] [32mBuilding CXX object src/ompl/CMakeFiles/ompl.dir/base/src/Planner.cpp.o[0m
[ 15%] [32mBuilding CXX object src/ompl/CMakeFiles/ompl.dir/base/src/PlannerData.cpp.o[0m
[ 16%] [32mBuilding CXX object src/ompl/CMakeFiles/ompl.dir/base/src/PlannerDataStorage.cpp.o[0m
[ 16%] [32mBuilding CXX object src/ompl/CMakeFiles/ompl.dir/base/src/PlannerStatus.cpp.o[0m
[ 16%] [32mBuilding CXX object src/ompl/CMakeFiles/ompl.dir/base/src/PlannerTerminationCondition.cpp.o[0m
[ 16%] [32mBuilding CXX object src/ompl/CMakeFiles/ompl.dir/base/src/PrecomputedStateSampler.cpp.o[0m
[ 17%] [32mBuilding CXX object src/ompl/CMakeFiles/ompl.dir/base/src/ProblemDefinition.cpp.o[0m
[ 17%] [32mBuilding CXX object src/ompl/CMakeFiles/ompl.dir/base/src/ProjectionEvaluator.cpp.o[0m
[ 17%] [32mBuilding CXX object src/ompl/CMakeFiles/ompl.dir/base/src/SpaceInformation.cpp.o[0m
[ 17%] [32mBuilding CXX object src/ompl/CMakeFiles/ompl.dir/base/src/StateSampler.cpp.o[0m
[ 18%] [32mBuilding CXX object src/ompl/CMakeFiles/ompl.dir/base/src/StateSpace.cpp.o[0m
[ 18%] [32mBuilding CXX object src/ompl/CMakeFiles/ompl.dir/base/src/StateStorage.cpp.o[0m
[ 18%] [32mBuilding CXX object src/ompl/CMakeFiles/ompl.dir/base/src/ValidStateSampler.cpp.o[0m
[ 19%] [32mBuilding CXX object src/ompl/CMakeFiles/ompl.dir/base/terminationconditions/src/CostConvergenceTerminationCondition.cpp.o[0m
[ 19%] [32mBuilding CXX object src/ompl/CMakeFiles/ompl.dir/base/terminationconditions/src/IterationTerminationCondition.cpp.o[0m
[ 19%] [32mBuilding CXX object src/ompl/CMakeFiles/ompl.dir/control/planners/est/src/EST.cpp.o[0m
[ 19%] [32mBuilding CXX object src/ompl/CMakeFiles/ompl.dir/control/planners/kpiece/src/KPIECE1.cpp.o[0m
[ 20%] [32mBuilding CXX object src/ompl/CMakeFiles/ompl.dir/control/planners/ltl/src/Automaton.cpp.o[0m
[ 20%] [32mBuilding CXX object src/ompl/CMakeFiles/ompl.dir/control/planners/ltl/src/LTLPlanner.cpp.o[0m
[ 20%] [32mBuilding CXX object src/ompl/CMakeFiles/ompl.dir/control/planners/ltl/src/LTLProblemDefinition.cpp.o[0m
[ 20%] [32mBuilding CXX object src/ompl/CMakeFiles/ompl.dir/control/planners/ltl/src/LTLSpaceInformation.cpp.o[0m
[ 21%] [32mBuilding CXX object src/ompl/CMakeFiles/ompl.dir/control/planners/ltl/src/ProductGraph.cpp.o[0m
[ 21%] [32mBuilding CXX object src/ompl/CMakeFiles/ompl.dir/control/planners/ltl/src/PropositionalDecomposition.cpp.o[0m
[ 21%] [32mBuilding CXX object src/ompl/CMakeFiles/ompl.dir/control/planners/ltl/src/World.cpp.o[0m
[ 22%] [32mBuilding CXX object src/ompl/CMakeFiles/ompl.dir/control/planners/pdst/src/PDST.cpp.o[0m
[ 22%] [32mBuilding CXX object src/ompl/CMakeFiles/ompl.dir/control/planners/rrt/src/RRT.cpp.o[0m
[ 22%] [32mBuilding CXX object src/ompl/CMakeFiles/ompl.dir/control/planners/sst/src/SST.cpp.o[0m
[ 22%] [32mBuilding CXX object src/ompl/CMakeFiles/ompl.dir/control/planners/syclop/src/GridDecomposition.cpp.o[0m
[ 23%] [32mBuilding CXX object src/ompl/CMakeFiles/ompl.dir/control/planners/syclop/src/Syclop.cpp.o[0m
[ 23%] [32mBuilding CXX object src/ompl/CMakeFiles/ompl.dir/control/planners/syclop/src/SyclopEST.cpp.o[0m
[ 23%] [32mBuilding CXX object src/ompl/CMakeFiles/ompl.dir/control/planners/syclop/src/SyclopRRT.cpp.o[0m
[ 23%] [32mBuilding CXX object src/ompl/CMakeFiles/ompl.dir/control/spaces/src/DiscreteControlSpace.cpp.o[0m
[ 24%] [32mBuilding CXX object src/ompl/CMakeFiles/ompl.dir/control/spaces/src/RealVectorControlSpace.cpp.o[0m
[ 24%] [32mBuilding CXX object src/ompl/CMakeFiles/ompl.dir/control/src/ControlSampler.cpp.o[0m
[ 24%] [32mBuilding CXX object src/ompl/CMakeFiles/ompl.dir/control/src/ControlSpace.cpp.o[0m
[ 25%] [32mBuilding CXX object src/ompl/CMakeFiles/ompl.dir/control/src/PathControl.cpp.o[0m
[ 25%] [32mBuilding CXX object src/ompl/CMakeFiles/ompl.dir/control/src/PlannerData.cpp.o[0m
[ 25%] [32mBuilding CXX object src/ompl/CMakeFiles/ompl.dir/control/src/PlannerDataStorage.cpp.o[0m
[ 25%] [32mBuilding CXX object src/ompl/CMakeFiles/ompl.dir/control/src/SimpleDirectedControlSampler.cpp.o[0m
[ 26%] [32mBuilding CXX object src/ompl/CMakeFiles/ompl.dir/control/src/SimpleSetup.cpp.o[0m
[ 26%] [32mBuilding CXX object src/ompl/CMakeFiles/ompl.dir/control/src/SpaceInformation.cpp.o[0m
[ 26%] [32mBuilding CXX object src/ompl/CMakeFiles/ompl.dir/datastructures/src/AdjacencyList.cpp.o[0m
[ 26%] [32mBuilding CXX object src/ompl/CMakeFiles/ompl.dir/geometric/planners/AnytimePathShortening.cpp.o[0m
[ 27%] [32mBuilding CXX object src/ompl/CMakeFiles/ompl.dir/geometric/planners/cforest/src/CForest.cpp.o[0m
[ 27%] [32mBuilding CXX object src/ompl/CMakeFiles/ompl.dir/geometric/planners/cforest/src/CForestStateSampler.cpp.o[0m
[ 27%] [32mBuilding CXX object src/ompl/CMakeFiles/ompl.dir/geometric/planners/cforest/src/CForestStateSpaceWrapper.cpp.o[0m
[ 28%] [32mBuilding CXX object src/ompl/CMakeFiles/ompl.dir/geometric/planners/est/src/BiEST.cpp.o[0m
[ 28%] [32mBuilding CXX object src/ompl/CMakeFiles/ompl.dir/geometric/planners/est/src/EST.cpp.o[0m
[ 28%] [32mBuilding CXX object src/ompl/CMakeFiles/ompl.dir/geometric/planners/est/src/ProjEST.cpp.o[0m
[ 28%] [32mBuilding CXX object src/ompl/CMakeFiles/ompl.dir/geometric/planners/experience/src/LightningRetrieveRepair.cpp.o[0m
[ 29%] [32mBuilding CXX object src/ompl/CMakeFiles/ompl.dir/geometric/planners/experience/src/ThunderRetrieveRepair.cpp.o[0m
[ 29%] [32mBuilding CXX object src/ompl/CMakeFiles/ompl.dir/geometric/planners/fmt/src/BFMT.cpp.o[0m
[ 29%] [32mBuilding CXX object src/ompl/CMakeFiles/ompl.dir/geometric/planners/fmt/src/FMT.cpp.o[0m
[ 29%] [32mBuilding CXX object src/ompl/CMakeFiles/ompl.dir/geometric/planners/informedtrees/aitstar/src/Edge.cpp.o[0m
[ 30%] [32mBuilding CXX object src/ompl/CMakeFiles/ompl.dir/geometric/planners/informedtrees/aitstar/src/ImplicitGraph.cpp.o[0m
[ 30%] [32mBuilding CXX object src/ompl/CMakeFiles/ompl.dir/geometric/planners/informedtrees/aitstar/src/Vertex.cpp.o[0m
[ 30%] [32mBuilding CXX object src/ompl/CMakeFiles/ompl.dir/geometric/planners/informedtrees/bitstar/src/ImplicitGraph.cpp.o[0m
[ 31%] [32mBuilding CXX object src/ompl/CMakeFiles/ompl.dir/geometric/planners/informedtrees/bitstar/src/SearchQueue.cpp.o[0m
[ 31%] [32mBuilding CXX object src/ompl/CMakeFiles/ompl.dir/geometric/planners/informedtrees/bitstar/src/Vertex.cpp.o[0m
[ 31%] [32mBuilding CXX object src/ompl/CMakeFiles/ompl.dir/geometric/planners/informedtrees/eitstar/src/Edge.cpp.o[0m
[ 31%] [32mBuilding CXX object src/ompl/CMakeFiles/ompl.dir/geometric/planners/informedtrees/eitstar/src/ForwardQueue.cpp.o[0m
[ 32%] [32mBuilding CXX object src/ompl/CMakeFiles/ompl.dir/geometric/planners/informedtrees/eitstar/src/RandomGeometricGraph.cpp.o[0m
[ 32%] [32mBuilding CXX object src/ompl/CMakeFiles/ompl.dir/geometric/planners/informedtrees/eitstar/src/ReverseQueue.cpp.o[0m
[ 32%] [32mBuilding CXX object src/ompl/CMakeFiles/ompl.dir/geometric/planners/informedtrees/eitstar/src/State.cpp.o[0m
[ 32%] [32mBuilding CXX object src/ompl/CMakeFiles/ompl.dir/geometric/planners/informedtrees/eitstar/src/Vertex.cpp.o[0m
[ 33%] [32mBuilding CXX object src/ompl/CMakeFiles/ompl.dir/geometric/planners/informedtrees/src/ABITstar.cpp.o[0m
[ 33%] [32mBuilding CXX object src/ompl/CMakeFiles/ompl.dir/geometric/planners/informedtrees/src/AITstar.cpp.o[0m
[ 33%] [32mBuilding CXX object src/ompl/CMakeFiles/ompl.dir/geometric/planners/informedtrees/src/BITstar.cpp.o[0m
[ 34%] [32mBuilding CXX object src/ompl/CMakeFiles/ompl.dir/geometric/planners/informedtrees/src/EIRMstar.cpp.o[0m
[ 34%] [32mBuilding CXX object src/ompl/CMakeFiles/ompl.dir/geometric/planners/informedtrees/src/EITstar.cpp.o[0m
[ 34%] [32mBuilding CXX object src/ompl/CMakeFiles/ompl.dir/geometric/planners/kpiece/src/BKPIECE1.cpp.o[0m
[ 34%] [32mBuilding CXX object src/ompl/CMakeFiles/ompl.dir/geometric/planners/kpiece/src/KPIECE1.cpp.o[0m
[ 35%] [32mBuilding CXX object src/ompl/CMakeFiles/ompl.dir/geometric/planners/kpiece/src/LBKPIECE1.cpp.o[0m
[ 35%] [32mBuilding CXX object src/ompl/CMakeFiles/ompl.dir/geometric/planners/pdst/src/PDST.cpp.o[0m
[ 35%] [32mBuilding CXX object src/ompl/CMakeFiles/ompl.dir/geometric/planners/prm/src/LazyPRM.cpp.o[0m
[ 35%] [32mBuilding CXX object src/ompl/CMakeFiles/ompl.dir/geometric/planners/prm/src/LazyPRMstar.cpp.o[0m
[ 36%] [32mBuilding CXX object src/ompl/CMakeFiles/ompl.dir/geometric/planners/prm/src/PRM.cpp.o[0m
[ 36%] [32mBuilding CXX object src/ompl/CMakeFiles/ompl.dir/geometric/planners/prm/src/PRMstar.cpp.o[0m
[ 36%] [32mBuilding CXX object src/ompl/CMakeFiles/ompl.dir/geometric/planners/prm/src/SPARS.cpp.o[0m
[ 37%] [32mBuilding CXX object src/ompl/CMakeFiles/ompl.dir/geometric/planners/prm/src/SPARStwo.cpp.o[0m
[ 37%] [32mBuilding CXX object src/ompl/CMakeFiles/ompl.dir/geometric/planners/rlrt/src/BiRLRT.cpp.o[0m
[ 37%] [32mBuilding CXX object src/ompl/CMakeFiles/ompl.dir/geometric/planners/rlrt/src/RLRT.cpp.o[0m
[ 37%] [32mBuilding CXX object src/ompl/CMakeFiles/ompl.dir/geometric/planners/rrt/src/BiTRRT.cpp.o[0m
[ 38%] [32mBuilding CXX object src/ompl/CMakeFiles/ompl.dir/geometric/planners/rrt/src/InformedRRTstar.cpp.o[0m
[ 38%] [32mBuilding CXX object src/ompl/CMakeFiles/ompl.dir/geometric/planners/rrt/src/LBTRRT.cpp.o[0m
[ 38%] [32mBuilding CXX object src/ompl/CMakeFiles/ompl.dir/geometric/planners/rrt/src/LazyLBTRRT.cpp.o[0m
[ 38%] [32mBuilding CXX object src/ompl/CMakeFiles/ompl.dir/geometric/planners/rrt/src/LazyRRT.cpp.o[0m
[ 39%] [32mBuilding CXX object src/ompl/CMakeFiles/ompl.dir/geometric/planners/rrt/src/RRT.cpp.o[0m
[ 39%] [32mBuilding CXX object src/ompl/CMakeFiles/ompl.dir/geometric/planners/rrt/src/RRTConnect.cpp.o[0m
[ 39%] [32mBuilding CXX object src/ompl/CMakeFiles/ompl.dir/geometric/planners/rrt/src/RRTXstatic.cpp.o[0m
[ 40%] [32mBuilding CXX object src/ompl/CMakeFiles/ompl.dir/geometric/planners/rrt/src/RRTsharp.cpp.o[0m
[ 40%] [32mBuilding CXX object src/ompl/CMakeFiles/ompl.dir/geometric/planners/rrt/src/RRTstar.cpp.o[0m
[ 40%] [32mBuilding CXX object src/ompl/CMakeFiles/ompl.dir/geometric/planners/rrt/src/SORRTstar.cpp.o[0m
[ 40%] [32mBuilding CXX object src/ompl/CMakeFiles/ompl.dir/geometric/planners/rrt/src/STRRTstar.cpp.o[0m
[ 41%] [32mBuilding CXX object src/ompl/CMakeFiles/ompl.dir/geometric/planners/rrt/src/TRRT.cpp.o[0m
[ 41%] [32mBuilding CXX object src/ompl/CMakeFiles/ompl.dir/geometric/planners/rrt/src/TSRRT.cpp.o[0m
[ 41%] [32mBuilding CXX object src/ompl/CMakeFiles/ompl.dir/geometric/planners/rrt/src/VFRRT.cpp.o[0m
[ 41%] [32mBuilding CXX object src/ompl/CMakeFiles/ompl.dir/geometric/planners/rrt/src/pRRT.cpp.o[0m
[ 42%] [32mBuilding CXX object src/ompl/CMakeFiles/ompl.dir/geometric/planners/sbl/src/SBL.cpp.o[0m
[ 42%] [32mBuilding CXX object src/ompl/CMakeFiles/ompl.dir/geometric/planners/sbl/src/pSBL.cpp.o[0m
[ 42%] [32mBuilding CXX object src/ompl/CMakeFiles/ompl.dir/geometric/planners/sst/src/SST.cpp.o[0m
[ 43%] [32mBuilding CXX object src/ompl/CMakeFiles/ompl.dir/geometric/planners/stride/src/STRIDE.cpp.o[0m
[ 43%] [32mBuilding CXX object src/ompl/CMakeFiles/ompl.dir/geometric/planners/xxl/src/XXL.cpp.o[0m
[ 43%] [32mBuilding CXX object src/ompl/CMakeFiles/ompl.dir/geometric/planners/xxl/src/XXLPlanarDecomposition.cpp.o[0m
[ 43%] [32mBuilding CXX object src/ompl/CMakeFiles/ompl.dir/geometric/planners/xxl/src/XXLPositionDecomposition.cpp.o[0m
[ 44%] [32mBuilding CXX object src/ompl/CMakeFiles/ompl.dir/geometric/src/GeneticSearch.cpp.o[0m
[ 44%] [32mBuilding CXX object src/ompl/CMakeFiles/ompl.dir/geometric/src/HillClimbing.cpp.o[0m
[ 44%] [32mBuilding CXX object src/ompl/CMakeFiles/ompl.dir/geometric/src/PathGeometric.cpp.o[0m
[ 44%] [32mBuilding CXX object src/ompl/CMakeFiles/ompl.dir/geometric/src/PathHybridization.cpp.o[0m
[ 45%] [32mBuilding CXX object src/ompl/CMakeFiles/ompl.dir/geometric/src/PathSimplifier.cpp.o[0m
[ 45%] [32mBuilding CXX object src/ompl/CMakeFiles/ompl.dir/geometric/src/SimpleSetup.cpp.o[0m
[ 45%] [32mBuilding CXX object src/ompl/CMakeFiles/ompl.dir/multilevel/datastructures/graphsampler/src/GraphSampler.cpp.o[0m
[ 46%] [32mBuilding CXX object src/ompl/CMakeFiles/ompl.dir/multilevel/datastructures/graphsampler/src/RandomDegreeVertex.cpp.o[0m
[ 46%] [32mBuilding CXX object src/ompl/CMakeFiles/ompl.dir/multilevel/datastructures/graphsampler/src/RandomEdge.cpp.o[0m
[ 46%] [32mBuilding CXX object src/ompl/CMakeFiles/ompl.dir/multilevel/datastructures/graphsampler/src/RandomVertex.cpp.o[0m
[ 46%] [32mBuilding CXX object src/ompl/CMakeFiles/ompl.dir/multilevel/datastructures/importance/src/Exponential.cpp.o[0m
[ 47%] [32mBuilding CXX object src/ompl/CMakeFiles/ompl.dir/multilevel/datastructures/importance/src/Greedy.cpp.o[0m
[ 47%] [32mBuilding CXX object src/ompl/CMakeFiles/ompl.dir/multilevel/datastructures/importance/src/Uniform.cpp.o[0m
[ 47%] [32mBuilding CXX object src/ompl/CMakeFiles/ompl.dir/multilevel/datastructures/metrics/src/BundleSpaceMetric.cpp.o[0m
[ 47%] [32mBuilding CXX object src/ompl/CMakeFiles/ompl.dir/multilevel/datastructures/metrics/src/Geodesic.cpp.o[0m
[ 48%] [32mBuilding CXX object src/ompl/CMakeFiles/ompl.dir/multilevel/datastructures/pathrestriction/src/FindSection.cpp.o[0m
[ 48%] [32mBuilding CXX object src/ompl/CMakeFiles/ompl.dir/multilevel/datastructures/pathrestriction/src/FindSectionSideStep.cpp.o[0m
[ 48%] [32mBuilding CXX object src/ompl/CMakeFiles/ompl.dir/multilevel/datastructures/pathrestriction/src/Head.cpp.o[0m
[ 49%] [32mBuilding CXX object src/ompl/CMakeFiles/ompl.dir/multilevel/datastructures/pathrestriction/src/PathRestriction.cpp.o[0m
[ 49%] [32mBuilding CXX object src/ompl/CMakeFiles/ompl.dir/multilevel/datastructures/pathrestriction/src/PathSection.cpp.o[0m
[ 49%] [32mBuilding CXX object src/ompl/CMakeFiles/ompl.dir/multilevel/datastructures/projections/src/EmptySet.cpp.o[0m
[ 49%] [32mBuilding CXX object src/ompl/CMakeFiles/ompl.dir/multilevel/datastructures/projections/src/FiberedProjection.cpp.o[0m
[ 50%] [32mBuilding CXX object src/ompl/CMakeFiles/ompl.dir/multilevel/datastructures/projections/src/Identity.cpp.o[0m
[ 50%] [32mBuilding CXX object src/ompl/CMakeFiles/ompl.dir/multilevel/datastructures/projections/src/None.cpp.o[0m
[ 50%] [32mBuilding CXX object src/ompl/CMakeFiles/ompl.dir/multilevel/datastructures/projections/src/RNSO2_RN.cpp.o[0m
[ 50%] [32mBuilding CXX object src/ompl/CMakeFiles/ompl.dir/multilevel/datastructures/projections/src/RN_RM.cpp.o[0m
[ 51%] [32mBuilding CXX object src/ompl/CMakeFiles/ompl.dir/multilevel/datastructures/projections/src/Relaxation.cpp.o[0m
[ 51%] [32mBuilding CXX object src/ompl/CMakeFiles/ompl.dir/multilevel/datastructures/projections/src/SE2RN_R2.cpp.o[0m
[ 51%] [32mBuilding CXX object src/ompl/CMakeFiles/ompl.dir/multilevel/datastructures/projections/src/SE2_R2.cpp.o[0m
[ 52%] [32mBuilding CXX object src/ompl/CMakeFiles/ompl.dir/multilevel/datastructures/projections/src/SE3RN_R3.cpp.o[0m
[ 52%] [32mBuilding CXX object src/ompl/CMakeFiles/ompl.dir/multilevel/datastructures/projections/src/SE3_R3.cpp.o[0m
[ 52%] [32mBuilding CXX object src/ompl/CMakeFiles/ompl.dir/multilevel/datastructures/projections/src/SO2N_SO2M.cpp.o[0m
[ 52%] [32mBuilding CXX object src/ompl/CMakeFiles/ompl.dir/multilevel/datastructures/projections/src/XRN_X.cpp.o[0m
[ 53%] [32mBuilding CXX object src/ompl/CMakeFiles/ompl.dir/multilevel/datastructures/projections/src/XRN_XRM.cpp.o[0m
[ 53%] [32mBuilding CXX object src/ompl/CMakeFiles/ompl.dir/multilevel/datastructures/projections/src/XRN_XRM_SE2.cpp.o[0m
[ 53%] [32mBuilding CXX object src/ompl/CMakeFiles/ompl.dir/multilevel/datastructures/projections/src/XRN_XRM_SE3.cpp.o[0m
[ 53%] [32mBuilding CXX object src/ompl/CMakeFiles/ompl.dir/multilevel/datastructures/projections/src/XRN_XRM_SO2.cpp.o[0m
[ 54%] [32mBuilding CXX object src/ompl/CMakeFiles/ompl.dir/multilevel/datastructures/projections/src/XRN_XRM_SO3.cpp.o[0m
[ 54%] [32mBuilding CXX object src/ompl/CMakeFiles/ompl.dir/multilevel/datastructures/projections/src/XRN_X_SE2.cpp.o[0m
[ 54%] [32mBuilding CXX object src/ompl/CMakeFiles/ompl.dir/multilevel/datastructures/projections/src/XRN_X_SE3.cpp.o[0m
[ 55%] [32mBuilding CXX object src/ompl/CMakeFiles/ompl.dir/multilevel/datastructures/projections/src/XRN_X_SO2.cpp.o[0m
[ 55%] [32mBuilding CXX object src/ompl/CMakeFiles/ompl.dir/multilevel/datastructures/projections/src/XRN_X_SO3.cpp.o[0m
[ 55%] [32mBuilding CXX object src/ompl/CMakeFiles/ompl.dir/multilevel/datastructures/propagators/src/BundleSpacePropagator.cpp.o[0m
[ 55%] [32mBuilding CXX object src/ompl/CMakeFiles/ompl.dir/multilevel/datastructures/propagators/src/Geometric.cpp.o[0m
[ 56%] [32mBuilding CXX object src/ompl/CMakeFiles/ompl.dir/multilevel/datastructures/src/BundleSpace.cpp.o[0m
[ 56%] [32mBuilding CXX object src/ompl/CMakeFiles/ompl.dir/multilevel/datastructures/src/BundleSpaceGraph.cpp.o[0m
[ 56%] [32mBuilding CXX object src/ompl/CMakeFiles/ompl.dir/multilevel/datastructures/src/PlannerDataVertexAnnotated.cpp.o[0m
[ 56%] [32mBuilding CXX object src/ompl/CMakeFiles/ompl.dir/multilevel/datastructures/src/PlannerMultiLevel.cpp.o[0m
[ 57%] [32mBuilding CXX object src/ompl/CMakeFiles/ompl.dir/multilevel/datastructures/src/Projection.cpp.o[0m
[ 57%] [32mBuilding CXX object src/ompl/CMakeFiles/ompl.dir/multilevel/datastructures/src/ProjectionFactory.cpp.o[0m
[ 57%] [32mBuilding CXX object src/ompl/CMakeFiles/ompl.dir/multilevel/planners/qmp/src/QMPImpl.cpp.o[0m
[ 58%] [32mBuilding CXX object src/ompl/CMakeFiles/ompl.dir/multilevel/planners/qmp/src/QMPStarImpl.cpp.o[0m
[ 58%] [32mBuilding CXX object src/ompl/CMakeFiles/ompl.dir/multilevel/planners/qrrt/src/QRRTImpl.cpp.o[0m
[ 58%] [32mBuilding CXX object src/ompl/CMakeFiles/ompl.dir/multilevel/planners/qrrt/src/QRRTStarImpl.cpp.o[0m
[ 58%] [32mBuilding CXX object src/ompl/CMakeFiles/ompl.dir/tools/benchmark/src/Benchmark.cpp.o[0m
[ 59%] [32mBuilding CXX object src/ompl/CMakeFiles/ompl.dir/tools/benchmark/src/MachineSpecs.cpp.o[0m
[ 59%] [32mBuilding CXX object src/ompl/CMakeFiles/ompl.dir/tools/config/src/SelfConfig.cpp.o[0m
[ 59%] [32mBuilding CXX object src/ompl/CMakeFiles/ompl.dir/tools/debug/src/PlannerMonitor.cpp.o[0m
[ 59%] [32mBuilding CXX object src/ompl/CMakeFiles/ompl.dir/tools/debug/src/Profiler.cpp.o[0m
[ 60%] [32mBuilding CXX object src/ompl/CMakeFiles/ompl.dir/tools/experience/src/ExperienceSetup.cpp.o[0m
[ 60%] [32mBuilding CXX object src/ompl/CMakeFiles/ompl.dir/tools/lightning/src/DynamicTimeWarp.cpp.o[0m
[ 60%] [32mBuilding CXX object src/ompl/CMakeFiles/ompl.dir/tools/lightning/src/Lightning.cpp.o[0m
[ 61%] [32mBuilding CXX object src/ompl/CMakeFiles/ompl.dir/tools/lightning/src/LightningDB.cpp.o[0m
[ 61%] [32mBuilding CXX object src/ompl/CMakeFiles/ompl.dir/tools/multiplan/src/OptimizePlan.cpp.o[0m
[ 61%] [32mBuilding CXX object src/ompl/CMakeFiles/ompl.dir/tools/multiplan/src/ParallelPlan.cpp.o[0m
[ 61%] [32mBuilding CXX object src/ompl/CMakeFiles/ompl.dir/tools/thunder/src/SPARSdb.cpp.o[0m
[ 62%] [32mBuilding CXX object src/ompl/CMakeFiles/ompl.dir/tools/thunder/src/Thunder.cpp.o[0m
[ 62%] [32mBuilding CXX object src/ompl/CMakeFiles/ompl.dir/tools/thunder/src/ThunderDB.cpp.o[0m
[ 62%] [32mBuilding CXX object src/ompl/CMakeFiles/ompl.dir/util/src/Console.cpp.o[0m
[ 62%] [32mBuilding CXX object src/ompl/CMakeFiles/ompl.dir/util/src/GeometricEquations.cpp.o[0m
[ 63%] [32mBuilding CXX object src/ompl/CMakeFiles/ompl.dir/util/src/PPM.cpp.o[0m
[ 63%] [32mBuilding CXX object src/ompl/CMakeFiles/ompl.dir/util/src/ProlateHyperspheroid.cpp.o[0m
[ 63%] [32mBuilding CXX object src/ompl/CMakeFiles/ompl.dir/util/src/RandomNumbers.cpp.o[0m
[ 64%] [32mBuilding CXX object src/ompl/CMakeFiles/ompl.dir/util/src/String.cpp.o[0m
[ 64%] [32mBuilding CXX object src/ompl/CMakeFiles/ompl.dir/util/src/Time.cpp.o[0m
[ 64%] [32mBuilding CXX object src/ompl/CMakeFiles/ompl.dir/extensions/ode/src/OpenDEControlSpace.cpp.o[0m
[ 64%] [32mBuilding CXX object src/ompl/CMakeFiles/ompl.dir/extensions/ode/src/OpenDEEnvironment.cpp.o[0m
[ 65%] [32mBuilding CXX object src/ompl/CMakeFiles/ompl.dir/extensions/ode/src/OpenDESimpleSetup.cpp.o[0m
[ 65%] [32mBuilding CXX object src/ompl/CMakeFiles/ompl.dir/extensions/ode/src/OpenDEStatePropagator.cpp.o[0m
[ 65%] [32mBuilding CXX object src/ompl/CMakeFiles/ompl.dir/extensions/ode/src/OpenDEStateSpace.cpp.o[0m
[ 65%] [32mBuilding CXX object src/ompl/CMakeFiles/ompl.dir/extensions/ode/src/OpenDEStateValidityChecker.cpp.o[0m
[ 66%] [32m[1mLinking CXX shared library ../../lib/libompl.so[0m
[ 66%] Built target ompl
[ 66%] [32mBuilding CXX object tests/CMakeFiles/test_adjacency_list.dir/datastructures/adjacency_list.cpp.o[0m
[ 66%] [32m[1mLinking CXX executable ../bin/test_adjacency_list[0m
[ 66%] Built target test_adjacency_list
[ 66%] [32mBuilding CXX object tests/CMakeFiles/test_heap.dir/datastructures/heap.cpp.o[0m
[ 67%] [32m[1mLinking CXX executable ../bin/test_heap[0m
[ 67%] Built target test_heap
[ 68%] [32mBuilding CXX object tests/CMakeFiles/test_grid.dir/datastructures/grid.cpp.o[0m
[ 68%] [32m[1mLinking CXX executable ../bin/test_grid[0m
[ 68%] Built target test_grid
[ 68%] [32mBuilding CXX object tests/CMakeFiles/test_gridb.dir/datastructures/gridb.cpp.o[0m
[ 69%] [32m[1mLinking CXX executable ../bin/test_gridb[0m
[ 69%] Built target test_gridb
[ 69%] [32mBuilding CXX object tests/CMakeFiles/test_nearestneighbors.dir/datastructures/nearestneighbors.cpp.o[0m
[ 69%] [32m[1mLinking CXX executable ../bin/test_nearestneighbors[0m
[ 69%] Built target test_nearestneighbors
[ 69%] [32mBuilding CXX object tests/CMakeFiles/test_pdf.dir/datastructures/pdf.cpp.o[0m
[ 70%] [32m[1mLinking CXX executable ../bin/test_pdf[0m
[ 70%] Built target test_pdf
[ 71%] [32mBuilding CXX object tests/CMakeFiles/test_random.dir/util/random/random.cpp.o[0m
[ 71%] [32m[1mLinking CXX executable ../bin/test_random[0m
[ 71%] Built target test_random
[ 71%] [32mBuilding CXX object tests/CMakeFiles/test_halton_sampling.dir/base/halton_deterministic_sampling.cpp.o[0m
[ 71%] [32m[1mLinking CXX executable ../bin/test_halton_sampling[0m
[ 71%] Built target test_halton_sampling
[ 71%] [32mBuilding CXX object tests/CMakeFiles/test_state_operations.dir/base/state_operations.cpp.o[0m
[ 71%] [32m[1mLinking CXX executable ../bin/test_state_operations[0m
[ 71%] Built target test_state_operations
[ 72%] [32mBuilding CXX object tests/CMakeFiles/test_state_spaces.dir/base/state_spaces.cpp.o[0m
[ 72%] [32m[1mLinking CXX executable ../bin/test_state_spaces[0m
[ 72%] Built target test_state_spaces
[ 72%] [32mBuilding CXX object tests/CMakeFiles/test_state_storage.dir/base/state_storage.cpp.o[0m
[ 73%] [32m[1mLinking CXX executable ../bin/test_state_storage[0m
[ 73%] Built target test_state_storage
[ 73%] [32mBuilding CXX object tests/CMakeFiles/test_ptc.dir/base/ptc.cpp.o[0m
[ 73%] [32m[1mLinking CXX executable ../bin/test_ptc[0m
[ 73%] Built target test_ptc
[ 73%] [32mBuilding CXX object tests/CMakeFiles/test_planner_data.dir/base/planner_data.cpp.o[0m
[ 73%] [32m[1mLinking CXX executable ../bin/test_planner_data[0m
[ 73%] Built target test_planner_data
[ 73%] [32mBuilding CXX object tests/CMakeFiles/test_2denvs_geometric.dir/geometric/2d/2denvs.cpp.o[0m
[ 74%] [32m[1mLinking CXX executable ../bin/test_2denvs_geometric[0m
[ 74%] Built target test_2denvs_geometric
[ 74%] [32mBuilding CXX object tests/CMakeFiles/test_2dmap_geometric_simple.dir/geometric/2d/2dmap_simple.cpp.o[0m
[ 75%] [32m[1mLinking CXX executable ../bin/test_2dmap_geometric_simple[0m
[ 75%] Built target test_2dmap_geometric_simple
[ 75%] [32mBuilding CXX object tests/CMakeFiles/test_2dmap_ik.dir/geometric/2d/2dmap_ik.cpp.o[0m
[ 75%] [32m[1mLinking CXX executable ../bin/test_2dmap_ik[0m
[ 75%] Built target test_2dmap_ik
[ 75%] [32mBuilding CXX object tests/CMakeFiles/test_2dcircles_opt_geometric.dir/geometric/2d/2dcircles_optimize.cpp.o[0m
[ 75%] [32m[1mLinking CXX executable ../bin/test_2dcircles_opt_geometric[0m
[ 75%] Built target test_2dcircles_opt_geometric
[ 76%] [32mBuilding CXX object tests/CMakeFiles/test_2dpath_simplifying.dir/geometric/2d/2dpath_simplifying.cpp.o[0m
[ 76%] [32m[1mLinking CXX executable ../bin/test_2dpath_simplifying[0m
[ 76%] Built target test_2dpath_simplifying
[ 77%] [32mBuilding CXX object tests/CMakeFiles/test_constraint_sphere.dir/geometric/constraint/test_sphere.cpp.o[0m
[ 77%] [32m[1mLinking CXX executable ../bin/test_constraint_sphere[0m
[ 77%] Built target test_constraint_sphere
[ 77%] [32mBuilding CXX object tests/CMakeFiles/test_2dmap_control.dir/control/2dmap/2dmap.cpp.o[0m
[ 77%] [32m[1mLinking CXX executable ../bin/test_2dmap_control[0m
[ 77%] Built target test_2dmap_control
[ 78%] [32mBuilding CXX object tests/CMakeFiles/test_planner_data_control.dir/control/planner_data.cpp.o[0m
[ 78%] [32m[1mLinking CXX executable ../bin/test_planner_data_control[0m
[ 78%] Built target test_planner_data_control
[ 78%] [32mBuilding CXX object tests/CMakeFiles/test_experience_planning.dir/tools/test_experience_planning.cpp.o[0m
[ 78%] [32m[1mLinking CXX executable ../bin/test_experience_planning[0m
[ 78%] Built target test_experience_planning
[ 78%] [32mBuilding CXX object tests/regression_tests/CMakeFiles/regression_test.dir/RegressionTest.cpp.o[0m
[ 79%] [32m[1mLinking CXX executable ../../bin/regression_test[0m
[ 79%] Built target regression_test
[ 79%] [32mBuilding CXX object demos/CMakeFiles/demo_RigidBodyPlanning.dir/RigidBodyPlanning.cpp.o[0m
[ 79%] [32m[1mLinking CXX executable ../bin/demo_RigidBodyPlanning[0m
[ 79%] Built target demo_RigidBodyPlanning
[ 79%] [32mBuilding CXX object demos/CMakeFiles/demo_RigidBodyPlanningWithIK.dir/RigidBodyPlanningWithIK.cpp.o[0m
[ 79%] [32m[1mLinking CXX executable ../bin/demo_RigidBodyPlanningWithIK[0m
[ 79%] Built target demo_RigidBodyPlanningWithIK
[ 79%] [32mBuilding CXX object demos/CMakeFiles/demo_RigidBodyPlanningWithControls.dir/RigidBodyPlanningWithControls.cpp.o[0m
[ 80%] [32m[1mLinking CXX executable ../bin/demo_RigidBodyPlanningWithControls[0m
[ 80%] Built target demo_RigidBodyPlanningWithControls
[ 80%] [32mBuilding CXX object demos/CMakeFiles/demo_RigidBodyPlanningWithIntegrationAndControls.dir/RigidBodyPlanningWithIntegrationAndControls.cpp.o[0m
[ 81%] [32m[1mLinking CXX executable ../bin/demo_RigidBodyPlanningWithIntegrationAndControls[0m
[ 81%] Built target demo_RigidBodyPlanningWithIntegrationAndControls
[ 81%] [32mBuilding CXX object demos/CMakeFiles/demo_RigidBodyPlanningWithODESolverAndControls.dir/RigidBodyPlanningWithODESolverAndControls.cpp.o[0m
[ 81%] [32m[1mLinking CXX executable ../bin/demo_RigidBodyPlanningWithODESolverAndControls[0m
[ 81%] Built target demo_RigidBodyPlanningWithODESolverAndControls
[ 81%] [32mBuilding CXX object demos/CMakeFiles/demo_StateSampling.dir/StateSampling.cpp.o[0m
[ 81%] [32m[1mLinking CXX executable ../bin/demo_StateSampling[0m
[ 81%] Built target demo_StateSampling
[ 82%] [32mBuilding CXX object demos/CMakeFiles/demo_GeometricCarPlanning.dir/GeometricCarPlanning.cpp.o[0m
[ 82%] [32m[1mLinking CXX executable ../bin/demo_GeometricCarPlanning[0m
[ 82%] Built target demo_GeometricCarPlanning
[ 82%] [32mBuilding CXX object demos/CMakeFiles/demo_Point2DPlanning.dir/Point2DPlanning.cpp.o[0m
[ 83%] [32m[1mLinking CXX executable ../bin/demo_Point2DPlanning[0m
[ 83%] Built target demo_Point2DPlanning
[ 83%] [32mBuilding CXX object demos/CMakeFiles/demo_HybridSystemPlanning.dir/HybridSystemPlanning.cpp.o[0m
[ 83%] [32m[1mLinking CXX executable ../bin/demo_HybridSystemPlanning[0m
[ 83%] Built target demo_HybridSystemPlanning
[ 83%] [32mBuilding CXX object demos/CMakeFiles/demo_KinematicChainBenchmark.dir/KinematicChainBenchmark.cpp.o[0m
[ 83%] [32m[1mLinking CXX executable ../bin/demo_KinematicChainBenchmark[0m
[ 83%] Built target demo_KinematicChainBenchmark
[ 84%] [32mBuilding CXX object demos/CMakeFiles/demo_HypercubeBenchmark.dir/HypercubeBenchmark.cpp.o[0m
[ 84%] [32m[1mLinking CXX executable ../bin/demo_HypercubeBenchmark[0m
[ 84%] Built target demo_HypercubeBenchmark
[ 85%] [32mBuilding CXX object demos/CMakeFiles/demo_Koules.dir/Koules/Koules.cpp.o[0m
[ 85%] [32mBuilding CXX object demos/CMakeFiles/demo_Koules.dir/Koules/KoulesControlSpace.cpp.o[0m
[ 85%] [32mBuilding CXX object demos/CMakeFiles/demo_Koules.dir/Koules/KoulesDirectedControlSampler.cpp.o[0m
[ 86%] [32mBuilding CXX object demos/CMakeFiles/demo_Koules.dir/Koules/KoulesGoal.cpp.o[0m
[ 86%] [32mBuilding CXX object demos/CMakeFiles/demo_Koules.dir/Koules/KoulesSetup.cpp.o[0m
[ 86%] [32mBuilding CXX object demos/CMakeFiles/demo_Koules.dir/Koules/KoulesSimulator.cpp.o[0m
[ 86%] [32mBuilding CXX object demos/CMakeFiles/demo_Koules.dir/Koules/KoulesStatePropagator.cpp.o[0m
[ 87%] [32mBuilding CXX object demos/CMakeFiles/demo_Koules.dir/Koules/KoulesStateSpace.cpp.o[0m
[ 87%] [32m[1mLinking CXX executable ../bin/demo_Koules[0m
[ 87%] Built target demo_Koules
[ 87%] [32mBuilding CXX object demos/CMakeFiles/demo_PlannerData.dir/PlannerData.cpp.o[0m
[ 87%] [32m[1mLinking CXX executable ../bin/demo_PlannerData[0m
[ 87%] Built target demo_PlannerData
[ 88%] [32mBuilding CXX object demos/CMakeFiles/demo_ThunderLightning.dir/ThunderLightning.cpp.o[0m
[ 88%] [32m[1mLinking CXX executable ../bin/demo_ThunderLightning[0m
[ 88%] Built target demo_ThunderLightning
[ 89%] [32mBuilding CXX object demos/CMakeFiles/demo_OptimalPlanning.dir/OptimalPlanning.cpp.o[0m
[ 89%] [32m[1mLinking CXX executable ../bin/demo_OptimalPlanning[0m
[ 89%] Built target demo_OptimalPlanning
[ 90%] [32mBuilding CXX object demos/CMakeFiles/demo_PlannerProgressProperties.dir/PlannerProgressProperties.cpp.o[0m
[ 90%] [32m[1mLinking CXX executable ../bin/demo_PlannerProgressProperties[0m
[ 90%] Built target demo_PlannerProgressProperties
[ 90%] [32mBuilding CXX object demos/CMakeFiles/demo_CForestCircleGridBenchmark.dir/CForestCircleGridBenchmark.cpp.o[0m
[ 90%] [32m[1mLinking CXX executable ../bin/demo_CForestCircleGridBenchmark[0m
[ 90%] Built target demo_CForestCircleGridBenchmark
[ 90%] [32mBuilding CXX object demos/CMakeFiles/demo_Diagonal.dir/Diagonal.cpp.o[0m
[ 90%] [32m[1mLinking CXX executable ../bin/demo_Diagonal[0m
[ 90%] Built target demo_Diagonal
[ 90%] [32mBuilding CXX object demos/CMakeFiles/demo_VectorFieldConservative.dir/VFRRT/VectorFieldConservative.cpp.o[0m
[ 90%] [32m[1mLinking CXX executable ../bin/demo_VectorFieldConservative[0m
[ 90%] Built target demo_VectorFieldConservative
[ 91%] [32mBuilding CXX object demos/CMakeFiles/demo_VectorFieldNonconservative.dir/VFRRT/VectorFieldNonconservative.cpp.o[0m
[ 91%] [32m[1mLinking CXX executable ../bin/demo_VectorFieldNonconservative[0m
[ 91%] Built target demo_VectorFieldNonconservative
[ 91%] [32mBuilding CXX object demos/CMakeFiles/demo_ConstrainedPlanningSphere.dir/constraint/ConstrainedPlanningSphere.cpp.o[0m
[ 91%] [32m[1mLinking CXX executable ../bin/demo_ConstrainedPlanningSphere[0m
[ 91%] Built target demo_ConstrainedPlanningSphere
[ 91%] [32mBuilding CXX object demos/CMakeFiles/demo_ConstrainedPlanningTorus.dir/constraint/ConstrainedPlanningTorus.cpp.o[0m
[ 92%] [32m[1mLinking CXX executable ../bin/demo_ConstrainedPlanningTorus[0m
[ 92%] Built target demo_ConstrainedPlanningTorus
[ 92%] [32mBuilding CXX object demos/CMakeFiles/demo_ConstrainedPlanningImplicitChain.dir/constraint/ConstrainedPlanningImplicitChain.cpp.o[0m
[ 93%] [32m[1mLinking CXX executable ../bin/demo_ConstrainedPlanningImplicitChain[0m
[ 93%] Built target demo_ConstrainedPlanningImplicitChain
[ 93%] [32mBuilding CXX object demos/CMakeFiles/demo_ConstrainedPlanningImplicitParallel.dir/constraint/ConstrainedPlanningImplicitParallel.cpp.o[0m
[ 93%] [32m[1mLinking CXX executable ../bin/demo_ConstrainedPlanningImplicitParallel[0m
[ 93%] Built target demo_ConstrainedPlanningImplicitParallel
[ 93%] [32mBuilding CXX object demos/CMakeFiles/demo_ConstrainedPlanningKinematicChain.dir/constraint/ConstrainedPlanningKinematicChain.cpp.o[0m
[ 94%] [32m[1mLinking CXX executable ../bin/demo_ConstrainedPlanningKinematicChain[0m
[ 94%] Built target demo_ConstrainedPlanningKinematicChain
[ 94%] [32mBuilding CXX object demos/CMakeFiles/demo_MultiLevelPlanningRigidBody2D.dir/multilevel/MultiLevelPlanningRigidBody2D.cpp.o[0m
[ 94%] [32m[1mLinking CXX executable ../bin/demo_MultiLevelPlanningRigidBody2D[0m
[ 94%] Built target demo_MultiLevelPlanningRigidBody2D
[ 94%] [32mBuilding CXX object demos/CMakeFiles/demo_MultiLevelPlanningRigidBody3D.dir/multilevel/MultiLevelPlanningRigidBody3D.cpp.o[0m
[ 95%] [32m[1mLinking CXX executable ../bin/demo_MultiLevelPlanningRigidBody3D[0m
[ 95%] Built target demo_MultiLevelPlanningRigidBody3D
[ 95%] [32mBuilding CXX object demos/CMakeFiles/demo_MultiLevelPlanningKinematicChain.dir/multilevel/MultiLevelPlanningKinematicChain.cpp.o[0m
[ 96%] [32m[1mLinking CXX executable ../bin/demo_MultiLevelPlanningKinematicChain[0m
[ 96%] Built target demo_MultiLevelPlanningKinematicChain
[ 96%] [32mBuilding CXX object demos/CMakeFiles/demo_MultiLevelPlanningHyperCube.dir/multilevel/MultiLevelPlanningHyperCube.cpp.o[0m
[ 97%] [32m[1mLinking CXX executable ../bin/demo_MultiLevelPlanningHyperCube[0m
[ 97%] Built target demo_MultiLevelPlanningHyperCube
[ 97%] [32mBuilding CXX object demos/CMakeFiles/demo_MultiLevelPlanningHyperCubeBenchmark.dir/multilevel/MultiLevelPlanningHyperCubeBenchmark.cpp.o[0m
[ 97%] [32m[1mLinking CXX executable ../bin/demo_MultiLevelPlanningHyperCubeBenchmark[0m
[ 97%] Built target demo_MultiLevelPlanningHyperCubeBenchmark
[ 98%] [32mBuilding CXX object demos/CMakeFiles/demo_SpaceTimePlanning.dir/SpaceTimePlanning.cpp.o[0m
[ 98%] [32m[1mLinking CXX executable ../bin/demo_SpaceTimePlanning[0m
[ 98%] Built target demo_SpaceTimePlanning
[ 98%] [32mBuilding CXX object demos/CMakeFiles/demo_PlanarManipulator.dir/PlanarManipulator/PlanarManipulatorDemo.cpp.o[0m
[ 98%] [32mBuilding CXX object demos/CMakeFiles/demo_PlanarManipulator.dir/PlanarManipulator/PlanarManipulator.cpp.o[0m
[ 99%] [32mBuilding CXX object demos/CMakeFiles/demo_PlanarManipulator.dir/PlanarManipulator/PolyWorld.cpp.o[0m
[ 99%] [32m[1mLinking CXX executable ../bin/demo_PlanarManipulator[0m
[ 99%] Built target demo_PlanarManipulator
[ 99%] [32mBuilding CXX object demos/CMakeFiles/demo_MultiLevelPlanarManipulator.dir/multilevel/MultiLevelPlanarManipulatorDemo.cpp.o[0m
[ 99%] [32mBuilding CXX object demos/CMakeFiles/demo_MultiLevelPlanarManipulator.dir/PlanarManipulator/PlanarManipulator.cpp.o[0m
[100%] [32mBuilding CXX object demos/CMakeFiles/demo_MultiLevelPlanarManipulator.dir/PlanarManipulator/PolyWorld.cpp.o[0m
[100%] [32m[1mLinking CXX executable ../bin/demo_MultiLevelPlanarManipulator[0m
[100%] Built target demo_MultiLevelPlanarManipulator
[100%] [32mBuilding CXX object demos/CMakeFiles/demo_OpenDERigidBodyPlanning.dir/OpenDERigidBodyPlanning.cpp.o[0m
[100%] [32m[1mLinking CXX executable ../bin/demo_OpenDERigidBodyPlanning[0m
[100%] Built target demo_OpenDERigidBodyPlanning
