Performing C SOURCE FILE Test CMAKE_HAVE_LIBC_PTHREAD failed with the following output:
Change Dir: /home/lkw/catkin_ws/build/catkin_tools_prebuild/CMakeFiles/CMakeScratch/TryCompile-oATli1

Run Build Command(s):/usr/bin/make -f Makefile cmTC_549b3/fast && /usr/bin/make  -f CMakeFiles/cmTC_549b3.dir/build.make CMakeFiles/cmTC_549b3.dir/build
make[1]: 进入目录“/home/lkw/catkin_ws/build/catkin_tools_prebuild/CMakeFiles/CMakeScratch/TryCompile-oATli1”
Building C object CMakeFiles/cmTC_549b3.dir/src.c.o
/usr/bin/cc -DCMAKE_HAVE_LIBC_PTHREAD   -o CMakeFiles/cmTC_549b3.dir/src.c.o -c /home/lkw/catkin_ws/build/catkin_tools_prebuild/CMakeFiles/CMakeScratch/TryCompile-oATli1/src.c
Linking C executable cmTC_549b3
/usr/bin/cmake -E cmake_link_script CMakeFiles/cmTC_549b3.dir/link.txt --verbose=1
/usr/bin/cc -rdynamic CMakeFiles/cmTC_549b3.dir/src.c.o -o cmTC_549b3 
CMakeFiles/cmTC_549b3.dir/src.c.o：在函数‘main’中：
src.c:(.text+0x3e)：对‘pthread_create’未定义的引用
src.c:(.text+0x4a)：对‘pthread_detach’未定义的引用
src.c:(.text+0x56)：对‘pthread_cancel’未定义的引用
src.c:(.text+0x67)：对‘pthread_join’未定义的引用
src.c:(.text+0x7b)：对‘pthread_atfork’未定义的引用
collect2: error: ld returned 1 exit status
CMakeFiles/cmTC_549b3.dir/build.make:98: recipe for target 'cmTC_549b3' failed
make[1]: *** [cmTC_549b3] Error 1
make[1]: 离开目录“/home/lkw/catkin_ws/build/catkin_tools_prebuild/CMakeFiles/CMakeScratch/TryCompile-oATli1”
Makefile:127: recipe for target 'cmTC_549b3/fast' failed
make: *** [cmTC_549b3/fast] Error 2


Source file was:
#include <pthread.h>

static void* test_func(void* data)
{
  return data;
}

int main(void)
{
  pthread_t thread;
  pthread_create(&thread, NULL, test_func, NULL);
  pthread_detach(thread);
  pthread_cancel(thread);
  pthread_join(thread, NULL);
  pthread_atfork(NULL, NULL, NULL);
  pthread_exit(NULL);

  return 0;
}


Determining if the function pthread_create exists in the pthreads failed with the following output:
Change Dir: /home/lkw/catkin_ws/build/catkin_tools_prebuild/CMakeFiles/CMakeScratch/TryCompile-uyJdwD

Run Build Command(s):/usr/bin/make -f Makefile cmTC_3144d/fast && /usr/bin/make  -f CMakeFiles/cmTC_3144d.dir/build.make CMakeFiles/cmTC_3144d.dir/build
make[1]: 进入目录“/home/lkw/catkin_ws/build/catkin_tools_prebuild/CMakeFiles/CMakeScratch/TryCompile-uyJdwD”
Building C object CMakeFiles/cmTC_3144d.dir/CheckFunctionExists.c.o
/usr/bin/cc   -DCHECK_FUNCTION_EXISTS=pthread_create -o CMakeFiles/cmTC_3144d.dir/CheckFunctionExists.c.o -c /home/lkw/catkin_ws/build/catkin_tools_prebuild/CMakeFiles/CMakeScratch/TryCompile-uyJdwD/CheckFunctionExists.c
Linking C executable cmTC_3144d
/usr/bin/cmake -E cmake_link_script CMakeFiles/cmTC_3144d.dir/link.txt --verbose=1
/usr/bin/cc  -DCHECK_FUNCTION_EXISTS=pthread_create -rdynamic CMakeFiles/cmTC_3144d.dir/CheckFunctionExists.c.o -o cmTC_3144d  -lpthreads 
/usr/bin/ld: 找不到 -lpthreads
collect2: error: ld returned 1 exit status
CMakeFiles/cmTC_3144d.dir/build.make:98: recipe for target 'cmTC_3144d' failed
make[1]: *** [cmTC_3144d] Error 1
make[1]: 离开目录“/home/lkw/catkin_ws/build/catkin_tools_prebuild/CMakeFiles/CMakeScratch/TryCompile-uyJdwD”
Makefile:127: recipe for target 'cmTC_3144d/fast' failed
make: *** [cmTC_3144d/fast] Error 2



