Performing C SOURCE FILE Test CMAKE_HAVE_LIBC_PTHREAD failed with the following output:
Change Dir: /home/lkw/catkin_ws/build/moveit_tutorials/CMakeFiles/CMakeScratch/TryCompile-1RkvLy

Run Build Command(s):/usr/bin/make -f Makefile cmTC_82a89/fast && /usr/bin/make  -f CMakeFiles/cmTC_82a89.dir/build.make CMakeFiles/cmTC_82a89.dir/build
make[1]: 进入目录“/home/lkw/catkin_ws/build/moveit_tutorials/CMakeFiles/CMakeScratch/TryCompile-1RkvLy”
Building C object CMakeFiles/cmTC_82a89.dir/src.c.o
/usr/bin/cc -DCMAKE_HAVE_LIBC_PTHREAD   -o CMakeFiles/cmTC_82a89.dir/src.c.o -c /home/lkw/catkin_ws/build/moveit_tutorials/CMakeFiles/CMakeScratch/TryCompile-1RkvLy/src.c
Linking C executable cmTC_82a89
/usr/bin/cmake -E cmake_link_script CMakeFiles/cmTC_82a89.dir/link.txt --verbose=1
/usr/bin/cc -rdynamic CMakeFiles/cmTC_82a89.dir/src.c.o -o cmTC_82a89 
CMakeFiles/cmTC_82a89.dir/src.c.o：在函数‘main’中：
src.c:(.text+0x3e)：对‘pthread_create’未定义的引用
src.c:(.text+0x4a)：对‘pthread_detach’未定义的引用
src.c:(.text+0x56)：对‘pthread_cancel’未定义的引用
src.c:(.text+0x67)：对‘pthread_join’未定义的引用
src.c:(.text+0x7b)：对‘pthread_atfork’未定义的引用
collect2: error: ld returned 1 exit status
CMakeFiles/cmTC_82a89.dir/build.make:98: recipe for target 'cmTC_82a89' failed
make[1]: *** [cmTC_82a89] Error 1
make[1]: 离开目录“/home/lkw/catkin_ws/build/moveit_tutorials/CMakeFiles/CMakeScratch/TryCompile-1RkvLy”
Makefile:127: recipe for target 'cmTC_82a89/fast' failed
make: *** [cmTC_82a89/fast] Error 2


Source file was:
#include <pthread.h>

static void* test_func(void* data)
{
  return data;
}

int main(void)
{
  pthread_t thread;
  pthread_create(&thread, NULL, test_func, NULL);
  pthread_detach(thread);
  pthread_cancel(thread);
  pthread_join(thread, NULL);
  pthread_atfork(NULL, NULL, NULL);
  pthread_exit(NULL);

  return 0;
}


Determining if the function pthread_create exists in the pthreads failed with the following output:
Change Dir: /home/lkw/catkin_ws/build/moveit_tutorials/CMakeFiles/CMakeScratch/TryCompile-lNM3W6

Run Build Command(s):/usr/bin/make -f Makefile cmTC_d089c/fast && /usr/bin/make  -f CMakeFiles/cmTC_d089c.dir/build.make CMakeFiles/cmTC_d089c.dir/build
make[1]: 进入目录“/home/lkw/catkin_ws/build/moveit_tutorials/CMakeFiles/CMakeScratch/TryCompile-lNM3W6”
Building C object CMakeFiles/cmTC_d089c.dir/CheckFunctionExists.c.o
/usr/bin/cc   -DCHECK_FUNCTION_EXISTS=pthread_create -o CMakeFiles/cmTC_d089c.dir/CheckFunctionExists.c.o -c /home/lkw/catkin_ws/build/moveit_tutorials/CMakeFiles/CMakeScratch/TryCompile-lNM3W6/CheckFunctionExists.c
Linking C executable cmTC_d089c
/usr/bin/cmake -E cmake_link_script CMakeFiles/cmTC_d089c.dir/link.txt --verbose=1
/usr/bin/cc  -DCHECK_FUNCTION_EXISTS=pthread_create -rdynamic CMakeFiles/cmTC_d089c.dir/CheckFunctionExists.c.o -o cmTC_d089c  -lpthreads 
/usr/bin/ld: 找不到 -lpthreads
collect2: error: ld returned 1 exit status
CMakeFiles/cmTC_d089c.dir/build.make:98: recipe for target 'cmTC_d089c' failed
make[1]: *** [cmTC_d089c] Error 1
make[1]: 离开目录“/home/lkw/catkin_ws/build/moveit_tutorials/CMakeFiles/CMakeScratch/TryCompile-lNM3W6”
Makefile:127: recipe for target 'cmTC_d089c/fast' failed
make: *** [cmTC_d089c/fast] Error 2



