Performing C SOURCE FILE Test CMAKE_HAVE_LIBC_PTHREAD failed with the following output:
Change Dir: /home/lkw/catkin_ws/build/moveit_core/CMakeFiles/CMakeScratch/TryCompile-YN9tRs

Run Build Command(s):/usr/bin/make -f Makefile cmTC_f4b30/fast && /usr/bin/make  -f CMakeFiles/cmTC_f4b30.dir/build.make CMakeFiles/cmTC_f4b30.dir/build
make[1]: 进入目录“/home/lkw/catkin_ws/build/moveit_core/CMakeFiles/CMakeScratch/TryCompile-YN9tRs”
Building C object CMakeFiles/cmTC_f4b30.dir/src.c.o
/usr/bin/cc -DCMAKE_HAVE_LIBC_PTHREAD   -o CMakeFiles/cmTC_f4b30.dir/src.c.o -c /home/lkw/catkin_ws/build/moveit_core/CMakeFiles/CMakeScratch/TryCompile-YN9tRs/src.c
Linking C executable cmTC_f4b30
/usr/bin/cmake -E cmake_link_script CMakeFiles/cmTC_f4b30.dir/link.txt --verbose=1
/usr/bin/cc -rdynamic CMakeFiles/cmTC_f4b30.dir/src.c.o -o cmTC_f4b30 
CMakeFiles/cmTC_f4b30.dir/src.c.o：在函数‘main’中：
src.c:(.text+0x3e)：对‘pthread_create’未定义的引用
src.c:(.text+0x4a)：对‘pthread_detach’未定义的引用
src.c:(.text+0x56)：对‘pthread_cancel’未定义的引用
src.c:(.text+0x67)：对‘pthread_join’未定义的引用
src.c:(.text+0x7b)：对‘pthread_atfork’未定义的引用
collect2: error: ld returned 1 exit status
CMakeFiles/cmTC_f4b30.dir/build.make:98: recipe for target 'cmTC_f4b30' failed
make[1]: *** [cmTC_f4b30] Error 1
make[1]: 离开目录“/home/lkw/catkin_ws/build/moveit_core/CMakeFiles/CMakeScratch/TryCompile-YN9tRs”
Makefile:127: recipe for target 'cmTC_f4b30/fast' failed
make: *** [cmTC_f4b30/fast] Error 2


Source file was:
#include <pthread.h>

static void* test_func(void* data)
{
  return data;
}

int main(void)
{
  pthread_t thread;
  pthread_create(&thread, NULL, test_func, NULL);
  pthread_detach(thread);
  pthread_cancel(thread);
  pthread_join(thread, NULL);
  pthread_atfork(NULL, NULL, NULL);
  pthread_exit(NULL);

  return 0;
}


Determining if the function pthread_create exists in the pthreads failed with the following output:
Change Dir: /home/lkw/catkin_ws/build/moveit_core/CMakeFiles/CMakeScratch/TryCompile-yn6S66

Run Build Command(s):/usr/bin/make -f Makefile cmTC_8ab7f/fast && /usr/bin/make  -f CMakeFiles/cmTC_8ab7f.dir/build.make CMakeFiles/cmTC_8ab7f.dir/build
make[1]: 进入目录“/home/lkw/catkin_ws/build/moveit_core/CMakeFiles/CMakeScratch/TryCompile-yn6S66”
Building C object CMakeFiles/cmTC_8ab7f.dir/CheckFunctionExists.c.o
/usr/bin/cc   -DCHECK_FUNCTION_EXISTS=pthread_create -o CMakeFiles/cmTC_8ab7f.dir/CheckFunctionExists.c.o -c /home/lkw/catkin_ws/build/moveit_core/CMakeFiles/CMakeScratch/TryCompile-yn6S66/CheckFunctionExists.c
Linking C executable cmTC_8ab7f
/usr/bin/cmake -E cmake_link_script CMakeFiles/cmTC_8ab7f.dir/link.txt --verbose=1
/usr/bin/cc  -DCHECK_FUNCTION_EXISTS=pthread_create -rdynamic CMakeFiles/cmTC_8ab7f.dir/CheckFunctionExists.c.o -o cmTC_8ab7f  -lpthreads 
/usr/bin/ld: 找不到 -lpthreads
collect2: error: ld returned 1 exit status
CMakeFiles/cmTC_8ab7f.dir/build.make:98: recipe for target 'cmTC_8ab7f' failed
make[1]: *** [cmTC_8ab7f] Error 1
make[1]: 离开目录“/home/lkw/catkin_ws/build/moveit_core/CMakeFiles/CMakeScratch/TryCompile-yn6S66”
Makefile:127: recipe for target 'cmTC_8ab7f/fast' failed
make: *** [cmTC_8ab7f/fast] Error 2



