Performing C SOURCE FILE Test CMAKE_HAVE_LIBC_PTHREAD failed with the following output:
Change Dir: /home/lkw/catkin_ws/build/moveit_ros_move_group/CMakeFiles/CMakeScratch/TryCompile-2y6Ydt

Run Build Command(s):/usr/bin/make -f Makefile cmTC_fe060/fast && /usr/bin/make  -f CMakeFiles/cmTC_fe060.dir/build.make CMakeFiles/cmTC_fe060.dir/build
make[1]: 进入目录“/home/lkw/catkin_ws/build/moveit_ros_move_group/CMakeFiles/CMakeScratch/TryCompile-2y6Ydt”
Building C object CMakeFiles/cmTC_fe060.dir/src.c.o
/usr/bin/cc -DCMAKE_HAVE_LIBC_PTHREAD   -o CMakeFiles/cmTC_fe060.dir/src.c.o -c /home/lkw/catkin_ws/build/moveit_ros_move_group/CMakeFiles/CMakeScratch/TryCompile-2y6Ydt/src.c
Linking C executable cmTC_fe060
/usr/bin/cmake -E cmake_link_script CMakeFiles/cmTC_fe060.dir/link.txt --verbose=1
/usr/bin/cc -rdynamic CMakeFiles/cmTC_fe060.dir/src.c.o -o cmTC_fe060 
CMakeFiles/cmTC_fe060.dir/src.c.o：在函数‘main’中：
src.c:(.text+0x3e)：对‘pthread_create’未定义的引用
src.c:(.text+0x4a)：对‘pthread_detach’未定义的引用
src.c:(.text+0x56)：对‘pthread_cancel’未定义的引用
src.c:(.text+0x67)：对‘pthread_join’未定义的引用
src.c:(.text+0x7b)：对‘pthread_atfork’未定义的引用
collect2: error: ld returned 1 exit status
CMakeFiles/cmTC_fe060.dir/build.make:98: recipe for target 'cmTC_fe060' failed
make[1]: *** [cmTC_fe060] Error 1
make[1]: 离开目录“/home/lkw/catkin_ws/build/moveit_ros_move_group/CMakeFiles/CMakeScratch/TryCompile-2y6Ydt”
Makefile:127: recipe for target 'cmTC_fe060/fast' failed
make: *** [cmTC_fe060/fast] Error 2


Source file was:
#include <pthread.h>

static void* test_func(void* data)
{
  return data;
}

int main(void)
{
  pthread_t thread;
  pthread_create(&thread, NULL, test_func, NULL);
  pthread_detach(thread);
  pthread_cancel(thread);
  pthread_join(thread, NULL);
  pthread_atfork(NULL, NULL, NULL);
  pthread_exit(NULL);

  return 0;
}


Determining if the function pthread_create exists in the pthreads failed with the following output:
Change Dir: /home/lkw/catkin_ws/build/moveit_ros_move_group/CMakeFiles/CMakeScratch/TryCompile-X2Nuh8

Run Build Command(s):/usr/bin/make -f Makefile cmTC_32847/fast && /usr/bin/make  -f CMakeFiles/cmTC_32847.dir/build.make CMakeFiles/cmTC_32847.dir/build
make[1]: 进入目录“/home/lkw/catkin_ws/build/moveit_ros_move_group/CMakeFiles/CMakeScratch/TryCompile-X2Nuh8”
Building C object CMakeFiles/cmTC_32847.dir/CheckFunctionExists.c.o
/usr/bin/cc   -DCHECK_FUNCTION_EXISTS=pthread_create -o CMakeFiles/cmTC_32847.dir/CheckFunctionExists.c.o -c /home/lkw/catkin_ws/build/moveit_ros_move_group/CMakeFiles/CMakeScratch/TryCompile-X2Nuh8/CheckFunctionExists.c
Linking C executable cmTC_32847
/usr/bin/cmake -E cmake_link_script CMakeFiles/cmTC_32847.dir/link.txt --verbose=1
/usr/bin/cc  -DCHECK_FUNCTION_EXISTS=pthread_create -rdynamic CMakeFiles/cmTC_32847.dir/CheckFunctionExists.c.o -o cmTC_32847  -lpthreads 
/usr/bin/ld: 找不到 -lpthreads
collect2: error: ld returned 1 exit status
CMakeFiles/cmTC_32847.dir/build.make:98: recipe for target 'cmTC_32847' failed
make[1]: *** [cmTC_32847] Error 1
make[1]: 离开目录“/home/lkw/catkin_ws/build/moveit_ros_move_group/CMakeFiles/CMakeScratch/TryCompile-X2Nuh8”
Makefile:127: recipe for target 'cmTC_32847/fast' failed
make: *** [cmTC_32847/fast] Error 2



