Performing C SOURCE FILE Test CMAKE_HAVE_LIBC_PTHREAD failed with the following output:
Change Dir: /home/lkw/catkin_ws/build/moveit_simple_controller_manager/CMakeFiles/CMakeScratch/TryCompile-g3nGp3

Run Build Command(s):/usr/bin/make -f Makefile cmTC_f389c/fast && /usr/bin/make  -f CMakeFiles/cmTC_f389c.dir/build.make CMakeFiles/cmTC_f389c.dir/build
make[1]: 进入目录“/home/lkw/catkin_ws/build/moveit_simple_controller_manager/CMakeFiles/CMakeScratch/TryCompile-g3nGp3”
Building C object CMakeFiles/cmTC_f389c.dir/src.c.o
/usr/bin/cc -DCMAKE_HAVE_LIBC_PTHREAD   -o CMakeFiles/cmTC_f389c.dir/src.c.o -c /home/lkw/catkin_ws/build/moveit_simple_controller_manager/CMakeFiles/CMakeScratch/TryCompile-g3nGp3/src.c
Linking C executable cmTC_f389c
/usr/bin/cmake -E cmake_link_script CMakeFiles/cmTC_f389c.dir/link.txt --verbose=1
/usr/bin/cc -rdynamic CMakeFiles/cmTC_f389c.dir/src.c.o -o cmTC_f389c 
CMakeFiles/cmTC_f389c.dir/src.c.o：在函数‘main’中：
src.c:(.text+0x3e)：对‘pthread_create’未定义的引用
src.c:(.text+0x4a)：对‘pthread_detach’未定义的引用
src.c:(.text+0x56)：对‘pthread_cancel’未定义的引用
src.c:(.text+0x67)：对‘pthread_join’未定义的引用
src.c:(.text+0x7b)：对‘pthread_atfork’未定义的引用
collect2: error: ld returned 1 exit status
CMakeFiles/cmTC_f389c.dir/build.make:98: recipe for target 'cmTC_f389c' failed
make[1]: *** [cmTC_f389c] Error 1
make[1]: 离开目录“/home/lkw/catkin_ws/build/moveit_simple_controller_manager/CMakeFiles/CMakeScratch/TryCompile-g3nGp3”
Makefile:127: recipe for target 'cmTC_f389c/fast' failed
make: *** [cmTC_f389c/fast] Error 2


Source file was:
#include <pthread.h>

static void* test_func(void* data)
{
  return data;
}

int main(void)
{
  pthread_t thread;
  pthread_create(&thread, NULL, test_func, NULL);
  pthread_detach(thread);
  pthread_cancel(thread);
  pthread_join(thread, NULL);
  pthread_atfork(NULL, NULL, NULL);
  pthread_exit(NULL);

  return 0;
}


Determining if the function pthread_create exists in the pthreads failed with the following output:
Change Dir: /home/lkw/catkin_ws/build/moveit_simple_controller_manager/CMakeFiles/CMakeScratch/TryCompile-fXt7Gf

Run Build Command(s):/usr/bin/make -f Makefile cmTC_1fcd2/fast && /usr/bin/make  -f CMakeFiles/cmTC_1fcd2.dir/build.make CMakeFiles/cmTC_1fcd2.dir/build
make[1]: 进入目录“/home/lkw/catkin_ws/build/moveit_simple_controller_manager/CMakeFiles/CMakeScratch/TryCompile-fXt7Gf”
Building C object CMakeFiles/cmTC_1fcd2.dir/CheckFunctionExists.c.o
/usr/bin/cc   -DCHECK_FUNCTION_EXISTS=pthread_create -o CMakeFiles/cmTC_1fcd2.dir/CheckFunctionExists.c.o -c /home/lkw/catkin_ws/build/moveit_simple_controller_manager/CMakeFiles/CMakeScratch/TryCompile-fXt7Gf/CheckFunctionExists.c
Linking C executable cmTC_1fcd2
/usr/bin/cmake -E cmake_link_script CMakeFiles/cmTC_1fcd2.dir/link.txt --verbose=1
/usr/bin/cc  -DCHECK_FUNCTION_EXISTS=pthread_create -rdynamic CMakeFiles/cmTC_1fcd2.dir/CheckFunctionExists.c.o -o cmTC_1fcd2  -lpthreads 
/usr/bin/ld: 找不到 -lpthreads
collect2: error: ld returned 1 exit status
CMakeFiles/cmTC_1fcd2.dir/build.make:98: recipe for target 'cmTC_1fcd2' failed
make[1]: *** [cmTC_1fcd2] Error 1
make[1]: 离开目录“/home/lkw/catkin_ws/build/moveit_simple_controller_manager/CMakeFiles/CMakeScratch/TryCompile-fXt7Gf”
Makefile:127: recipe for target 'cmTC_1fcd2/fast' failed
make: *** [cmTC_1fcd2/fast] Error 2



