[  4%] [32mBuilding CXX object py_bindings_tools/CMakeFiles/moveit_py_bindings_tools.dir/src/roscpp_initializer.cpp.o[0m
[  8%] [32m[1mLinking CXX shared library /home/lkw/catkin_ws/devel/.private/moveit_ros_planning_interface/lib/libmoveit_py_bindings_tools.so[0m
[  8%] Built target moveit_py_bindings_tools
[ 12%] [32mBuilding CXX object common_planning_interface_objects/CMakeFiles/moveit_common_planning_interface_objects.dir/src/common_objects.cpp.o[0m
[ 16%] [32m[1mLinking CXX shared library /home/lkw/catkin_ws/devel/.private/moveit_ros_planning_interface/lib/libmoveit_common_planning_interface_objects.so[0m
[ 16%] Built target moveit_common_planning_interface_objects
[ 16%] Built target moveit_msgs_generate_messages_cpp
[ 16%] Built target moveit_msgs_generate_messages_eus
[ 16%] Built target moveit_msgs_generate_messages_lisp
[ 16%] Built target moveit_msgs_generate_messages_nodejs
[ 16%] Built target moveit_msgs_generate_messages_py
[ 16%] Built target std_msgs_generate_messages_cpp
[ 16%] Built target std_msgs_generate_messages_eus
[ 16%] Built target std_msgs_generate_messages_lisp
[ 16%] Built target std_msgs_generate_messages_nodejs
[ 16%] Built target std_msgs_generate_messages_py
[ 16%] Built target actionlib_msgs_generate_messages_cpp
[ 16%] Built target actionlib_msgs_generate_messages_eus
[ 16%] Built target actionlib_msgs_generate_messages_lisp
[ 16%] Built target actionlib_msgs_generate_messages_nodejs
[ 16%] Built target actionlib_msgs_generate_messages_py
[ 16%] Built target _catkin_empty_exported_target
[ 16%] Built target sensor_msgs_generate_messages_cpp
[ 16%] Built target sensor_msgs_generate_messages_eus
[ 16%] Built target sensor_msgs_generate_messages_lisp
[ 16%] Built target sensor_msgs_generate_messages_nodejs
[ 16%] Built target sensor_msgs_generate_messages_py
[ 16%] Built target geometry_msgs_generate_messages_cpp
[ 16%] Built target geometry_msgs_generate_messages_eus
[ 16%] Built target geometry_msgs_generate_messages_lisp
[ 16%] Built target geometry_msgs_generate_messages_nodejs
[ 16%] Built target geometry_msgs_generate_messages_py
[ 16%] Built target trajectory_msgs_generate_messages_cpp
[ 16%] Built target trajectory_msgs_generate_messages_eus
[ 16%] Built target trajectory_msgs_generate_messages_lisp
[ 16%] Built target trajectory_msgs_generate_messages_nodejs
[ 16%] Built target trajectory_msgs_generate_messages_py
[ 16%] Built target shape_msgs_generate_messages_cpp
[ 16%] Built target shape_msgs_generate_messages_eus
[ 16%] Built target shape_msgs_generate_messages_lisp
[ 16%] Built target shape_msgs_generate_messages_nodejs
[ 16%] Built target shape_msgs_generate_messages_py
[ 16%] Built target object_recognition_msgs_generate_messages_cpp
[ 16%] Built target object_recognition_msgs_generate_messages_eus
[ 16%] Built target object_recognition_msgs_generate_messages_lisp
[ 16%] Built target object_recognition_msgs_generate_messages_nodejs
[ 16%] Built target object_recognition_msgs_generate_messages_py
[ 16%] Built target octomap_msgs_generate_messages_cpp
[ 16%] Built target octomap_msgs_generate_messages_eus
[ 16%] Built target octomap_msgs_generate_messages_lisp
[ 16%] Built target octomap_msgs_generate_messages_nodejs
[ 16%] Built target octomap_msgs_generate_messages_py
[ 16%] Built target moveit_ros_planning_gencfg
[ 16%] Built target actionlib_generate_messages_cpp
[ 16%] Built target actionlib_generate_messages_eus
[ 16%] Built target actionlib_generate_messages_lisp
[ 16%] Built target actionlib_generate_messages_nodejs
[ 16%] Built target actionlib_generate_messages_py
[ 16%] Built target roscpp_generate_messages_cpp
[ 16%] Built target roscpp_generate_messages_eus
[ 16%] Built target roscpp_generate_messages_lisp
[ 16%] Built target roscpp_generate_messages_nodejs
[ 16%] Built target roscpp_generate_messages_py
[ 16%] Built target rosgraph_msgs_generate_messages_cpp
[ 16%] Built target rosgraph_msgs_generate_messages_eus
[ 16%] Built target rosgraph_msgs_generate_messages_lisp
[ 16%] Built target rosgraph_msgs_generate_messages_nodejs
[ 16%] Built target rosgraph_msgs_generate_messages_py
[ 16%] Built target dynamic_reconfigure_generate_messages_cpp
[ 16%] Built target dynamic_reconfigure_generate_messages_eus
[ 16%] Built target dynamic_reconfigure_generate_messages_lisp
[ 16%] Built target dynamic_reconfigure_generate_messages_nodejs
[ 16%] Built target dynamic_reconfigure_generate_messages_py
[ 16%] Built target dynamic_reconfigure_gencfg
[ 16%] Built target visualization_msgs_generate_messages_cpp
[ 16%] Built target visualization_msgs_generate_messages_eus
[ 16%] Built target visualization_msgs_generate_messages_lisp
[ 16%] Built target visualization_msgs_generate_messages_nodejs
[ 16%] Built target visualization_msgs_generate_messages_py
[ 16%] Built target tf2_msgs_generate_messages_cpp
[ 16%] Built target tf2_msgs_generate_messages_eus
[ 16%] Built target tf2_msgs_generate_messages_lisp
[ 16%] Built target tf2_msgs_generate_messages_nodejs
[ 16%] Built target tf2_msgs_generate_messages_py
[ 16%] Built target tf_generate_messages_cpp
[ 16%] Built target tf_generate_messages_eus
[ 16%] Built target tf_generate_messages_lisp
[ 16%] Built target tf_generate_messages_nodejs
[ 16%] Built target tf_generate_messages_py
[ 16%] Built target moveit_ros_manipulation_gencfg
[ 16%] Built target std_srvs_generate_messages_cpp
[ 16%] Built target std_srvs_generate_messages_eus
[ 16%] Built target std_srvs_generate_messages_lisp
[ 16%] Built target std_srvs_generate_messages_nodejs
[ 16%] Built target std_srvs_generate_messages_py
[ 20%] [32mBuilding CXX object robot_interface/CMakeFiles/moveit_robot_interface_python.dir/src/wrap_python_robot_interface.cpp.o[0m
[ 24%] [32m[1mLinking CXX shared library /home/lkw/catkin_ws/devel/.private/moveit_ros_planning_interface/lib/python2.7/dist-packages/moveit_ros_planning_interface/_moveit_robot_interface.so[0m
[ 24%] Built target moveit_robot_interface_python
[ 28%] [32mBuilding CXX object test/CMakeFiles/moveit_planning_interface_test_serialize_msg_cpp_helper.dir/serialize_msg_python_cpp_helpers.cpp.o[0m
[ 32%] [32m[1mLinking CXX shared library /home/lkw/catkin_ws/devel/.private/moveit_ros_planning_interface/lib/python2.7/dist-packages/moveit_ros_planning_interface/_moveit_planning_interface_test_serialize_msg_cpp_helper.so[0m
[ 32%] Built target moveit_planning_interface_test_serialize_msg_cpp_helper
[ 36%] [32mBuilding CXX object py_bindings_tools/CMakeFiles/moveit_py_bindings_tools_python.dir/src/wrap_python_roscpp_initializer.cpp.o[0m
[ 40%] [32m[1mLinking CXX shared library /home/lkw/catkin_ws/devel/.private/moveit_ros_planning_interface/lib/python2.7/dist-packages/moveit_ros_planning_interface/_moveit_roscpp_initializer.so[0m
[ 40%] Built target moveit_py_bindings_tools_python
[ 44%] [32mBuilding CXX object planning_scene_interface/CMakeFiles/moveit_planning_scene_interface.dir/src/planning_scene_interface.cpp.o[0m
[ 48%] [32m[1mLinking CXX shared library /home/lkw/catkin_ws/devel/.private/moveit_ros_planning_interface/lib/libmoveit_planning_scene_interface.so[0m
[ 48%] Built target moveit_planning_scene_interface
[ 52%] [32mBuilding CXX object planning_scene_interface/CMakeFiles/moveit_planning_scene_interface_python.dir/src/wrap_python_planning_scene_interface.cpp.o[0m
[ 56%] [32m[1mLinking CXX shared library /home/lkw/catkin_ws/devel/.private/moveit_ros_planning_interface/lib/python2.7/dist-packages/moveit_ros_planning_interface/_moveit_planning_scene_interface.so[0m
[ 56%] Built target moveit_planning_scene_interface_python
[ 60%] [32mBuilding CXX object move_group_interface/CMakeFiles/moveit_move_group_interface.dir/src/move_group_interface.cpp.o[0m
[ 64%] [32m[1mLinking CXX shared library /home/lkw/catkin_ws/devel/.private/moveit_ros_planning_interface/lib/libmoveit_move_group_interface.so[0m
[ 64%] Built target moveit_move_group_interface
[ 68%] [32mBuilding CXX object moveit_cpp/CMakeFiles/moveit_cpp.dir/src/moveit_cpp.cpp.o[0m
[ 72%] [32mBuilding CXX object moveit_cpp/CMakeFiles/moveit_cpp.dir/src/planning_component.cpp.o[0m
[ 76%] [32m[1mLinking CXX shared library /home/lkw/catkin_ws/devel/.private/moveit_ros_planning_interface/lib/libmoveit_cpp.so[0m
[ 76%] Built target moveit_cpp
[ 80%] [32mBuilding CXX object move_group_interface/CMakeFiles/moveit_move_group_interface_python.dir/src/wrap_python_move_group.cpp.o[0m
[ 84%] [32m[1mLinking CXX shared library /home/lkw/catkin_ws/devel/.private/moveit_ros_planning_interface/lib/python2.7/dist-packages/moveit_ros_planning_interface/_moveit_move_group_interface.so[0m
[ 84%] Built target moveit_move_group_interface_python
[ 88%] [32mBuilding CXX object move_group_interface/CMakeFiles/demo.dir/src/demo.cpp.o[0m
[ 92%] [32m[1mLinking CXX executable /home/lkw/catkin_ws/devel/.private/moveit_ros_planning_interface/lib/moveit_ros_planning_interface/demo[0m
[ 92%] Built target demo
[ 96%] [32mBuilding CXX object test/CMakeFiles/test_cleanup.dir/test_cleanup.cpp.o[0m
[100%] [32m[1mLinking CXX executable /home/lkw/catkin_ws/devel/.private/moveit_ros_planning_interface/lib/moveit_ros_planning_interface/test_cleanup[0m
[100%] Built target test_cleanup
