[  0%] Built target octomap_msgs_generate_messages_py
[  0%] Built target geometry_msgs_generate_messages_cpp
[  0%] Built target geometry_msgs_generate_messages_eus
[  0%] Built target geometry_msgs_generate_messages_lisp
[  0%] Built target geometry_msgs_generate_messages_nodejs
[  0%] Built target geometry_msgs_generate_messages_py
[  0%] Built target std_msgs_generate_messages_cpp
[  0%] Built target std_msgs_generate_messages_eus
[  0%] Built target std_msgs_generate_messages_lisp
[  0%] Built target std_msgs_generate_messages_nodejs
[  0%] Built target std_msgs_generate_messages_py
[  0%] Built target actionlib_generate_messages_cpp
[  0%] Built target actionlib_generate_messages_eus
[  0%] Built target actionlib_generate_messages_lisp
[  0%] Built target actionlib_generate_messages_nodejs
[  0%] Built target actionlib_generate_messages_py
[  0%] Built target actionlib_msgs_generate_messages_cpp
[  0%] Built target actionlib_msgs_generate_messages_eus
[  0%] Built target actionlib_msgs_generate_messages_lisp
[  0%] Built target actionlib_msgs_generate_messages_nodejs
[  0%] Built target actionlib_msgs_generate_messages_py
[  0%] Built target _catkin_empty_exported_target
[  0%] Built target roscpp_generate_messages_cpp
[  0%] Built target roscpp_generate_messages_eus
[  0%] Built target roscpp_generate_messages_lisp
[  0%] Built target roscpp_generate_messages_nodejs
[  0%] Built target roscpp_generate_messages_py
[  0%] Built target rosgraph_msgs_generate_messages_cpp
[  0%] Built target rosgraph_msgs_generate_messages_eus
[  0%] Built target rosgraph_msgs_generate_messages_lisp
[  0%] Built target rosgraph_msgs_generate_messages_nodejs
[  0%] Built target rosgraph_msgs_generate_messages_py
[  0%] Built target tf2_msgs_generate_messages_cpp
[  0%] Built target tf2_msgs_generate_messages_eus
[  0%] Built target tf2_msgs_generate_messages_lisp
[  0%] Built target tf2_msgs_generate_messages_nodejs
[  0%] Built target tf2_msgs_generate_messages_py
[  0%] Built target shape_msgs_generate_messages_cpp
[  0%] Built target shape_msgs_generate_messages_eus
[  0%] Built target shape_msgs_generate_messages_lisp
[  0%] Built target shape_msgs_generate_messages_nodejs
[  0%] Built target shape_msgs_generate_messages_py
[  0%] Built target visualization_msgs_generate_messages_cpp
[  0%] Built target visualization_msgs_generate_messages_eus
[  0%] Built target visualization_msgs_generate_messages_lisp
[  0%] Built target visualization_msgs_generate_messages_nodejs
[  0%] Built target visualization_msgs_generate_messages_py
[  0%] Built target moveit_msgs_generate_messages_cpp
[  0%] Built target moveit_msgs_generate_messages_eus
[  0%] Built target moveit_msgs_generate_messages_lisp
[  0%] Built target moveit_msgs_generate_messages_nodejs
[  0%] Built target moveit_msgs_generate_messages_py
[  0%] Built target sensor_msgs_generate_messages_cpp
[  0%] Built target sensor_msgs_generate_messages_eus
[  0%] Built target sensor_msgs_generate_messages_lisp
[  0%] Built target sensor_msgs_generate_messages_nodejs
[  0%] Built target sensor_msgs_generate_messages_py
[  0%] Built target trajectory_msgs_generate_messages_cpp
[  0%] Built target trajectory_msgs_generate_messages_eus
[  0%] Built target trajectory_msgs_generate_messages_lisp
[  0%] Built target trajectory_msgs_generate_messages_nodejs
[  0%] Built target trajectory_msgs_generate_messages_py
[  0%] Built target object_recognition_msgs_generate_messages_cpp
[  0%] Built target object_recognition_msgs_generate_messages_eus
[  0%] Built target object_recognition_msgs_generate_messages_lisp
[  0%] Built target object_recognition_msgs_generate_messages_nodejs
[  0%] Built target object_recognition_msgs_generate_messages_py
[  0%] Built target octomap_msgs_generate_messages_cpp
[  0%] Built target octomap_msgs_generate_messages_eus
[  0%] Built target octomap_msgs_generate_messages_lisp
[  0%] Built target octomap_msgs_generate_messages_nodejs
[  0%] [32mBuilding CXX object exceptions/CMakeFiles/moveit_exceptions.dir/src/exceptions.cpp.o[0m
[  1%] [32m[1mLinking CXX shared library /home/lkw/catkin_ws/devel/.private/moveit_core/lib/libmoveit_exceptions.so[0m
[  1%] Built target moveit_exceptions
[  2%] [32mBuilding CXX object profiler/CMakeFiles/moveit_profiler.dir/src/profiler.cpp.o[0m
[  4%] [32m[1mLinking CXX shared library /home/lkw/catkin_ws/devel/.private/moveit_core/lib/libmoveit_profiler.so[0m
[  4%] Built target moveit_profiler
[  4%] [32mBuilding CXX object utils/CMakeFiles/moveit_utils.dir/src/lexical_casts.cpp.o[0m
[  5%] [32mBuilding CXX object utils/CMakeFiles/moveit_utils.dir/src/xmlrpc_casts.cpp.o[0m
[  7%] [32m[1mLinking CXX shared library /home/lkw/catkin_ws/devel/.private/moveit_core/lib/libmoveit_utils.so[0m
[  7%] Built target moveit_utils
[  8%] [32mBuilding CXX object kinematics_base/CMakeFiles/moveit_kinematics_base.dir/src/kinematics_base.cpp.o[0m
[  8%] [32m[1mLinking CXX shared library /home/lkw/catkin_ws/devel/.private/moveit_core/lib/libmoveit_kinematics_base.so[0m
[  8%] Built target moveit_kinematics_base
[ 10%] [32mBuilding CXX object transforms/CMakeFiles/moveit_transforms.dir/src/transforms.cpp.o[0m
[ 11%] [32m[1mLinking CXX shared library /home/lkw/catkin_ws/devel/.private/moveit_core/lib/libmoveit_transforms.so[0m
[ 11%] Built target moveit_transforms
[ 13%] Built target moveit_version
[ 14%] [32mBuilding CXX object background_processing/CMakeFiles/moveit_background_processing.dir/src/background_processing.cpp.o[0m
[ 16%] [32m[1mLinking CXX shared library /home/lkw/catkin_ws/devel/.private/moveit_core/lib/libmoveit_background_processing.so[0m
[ 16%] Built target moveit_background_processing
[ 16%] [32mBuilding CXX object gtest/googlemock/gtest/CMakeFiles/gtest.dir/src/gtest-all.cc.o[0m
[ 17%] [32m[1mLinking CXX shared library libgtest.so[0m
[ 17%] Built target gtest
[ 17%] [32mBuilding CXX object distance_field/CMakeFiles/moveit_distance_field.dir/src/distance_field.cpp.o[0m
[ 19%] [32mBuilding CXX object distance_field/CMakeFiles/moveit_distance_field.dir/src/find_internal_points.cpp.o[0m
[ 20%] [32mBuilding CXX object distance_field/CMakeFiles/moveit_distance_field.dir/src/propagation_distance_field.cpp.o[0m
[ 20%] [32m[1mLinking CXX shared library /home/lkw/catkin_ws/devel/.private/moveit_core/lib/libmoveit_distance_field.so[0m
[ 20%] Built target moveit_distance_field
[ 20%] [32mBuilding CXX object python/tools/CMakeFiles/moveit_python_tools.dir/src/pybind_rosmsg_typecasters.cpp.o[0m
[ 22%] [32m[1mLinking CXX shared library /home/lkw/catkin_ws/devel/.private/moveit_core/lib/libmoveit_python_tools.so[0m
[ 22%] Built target moveit_python_tools
[ 23%] [32mBuilding CXX object robot_model/CMakeFiles/moveit_robot_model.dir/src/aabb.cpp.o[0m
[ 23%] [32mBuilding CXX object robot_model/CMakeFiles/moveit_robot_model.dir/src/fixed_joint_model.cpp.o[0m
[ 25%] [32mBuilding CXX object robot_model/CMakeFiles/moveit_robot_model.dir/src/floating_joint_model.cpp.o[0m
[ 26%] [32mBuilding CXX object robot_model/CMakeFiles/moveit_robot_model.dir/src/joint_model.cpp.o[0m
[ 27%] [32mBuilding CXX object robot_model/CMakeFiles/moveit_robot_model.dir/src/joint_model_group.cpp.o[0m
[ 27%] [32mBuilding CXX object robot_model/CMakeFiles/moveit_robot_model.dir/src/link_model.cpp.o[0m
[ 29%] [32mBuilding CXX object robot_model/CMakeFiles/moveit_robot_model.dir/src/planar_joint_model.cpp.o[0m
[ 30%] [32mBuilding CXX object robot_model/CMakeFiles/moveit_robot_model.dir/src/prismatic_joint_model.cpp.o[0m
[ 30%] [32mBuilding CXX object robot_model/CMakeFiles/moveit_robot_model.dir/src/revolute_joint_model.cpp.o[0m
[ 32%] [32mBuilding CXX object robot_model/CMakeFiles/moveit_robot_model.dir/src/robot_model.cpp.o[0m
[ 33%] [32m[1mLinking CXX shared library /home/lkw/catkin_ws/devel/.private/moveit_core/lib/libmoveit_robot_model.so[0m
[ 33%] Built target moveit_robot_model
[ 33%] [32mBuilding CXX object robot_state/CMakeFiles/moveit_robot_state.dir/src/attached_body.cpp.o[0m
[ 35%] [32mBuilding CXX object robot_state/CMakeFiles/moveit_robot_state.dir/src/conversions.cpp.o[0m
[ 36%] [32mBuilding CXX object robot_state/CMakeFiles/moveit_robot_state.dir/src/robot_state.cpp.o[0m
[ 36%] [32m[1mLinking CXX shared library /home/lkw/catkin_ws/devel/.private/moveit_core/lib/libmoveit_robot_state.so[0m
[ 36%] Built target moveit_robot_state
[ 36%] [32mBuilding CXX object utils/CMakeFiles/moveit_test_utils.dir/src/robot_model_test_utils.cpp.o[0m
[ 38%] [32m[1mLinking CXX shared library /home/lkw/catkin_ws/devel/.private/moveit_core/lib/libmoveit_test_utils.so[0m
[ 38%] Built target moveit_test_utils
[ 39%] [32mBuilding CXX object kinematics_metrics/CMakeFiles/moveit_kinematics_metrics.dir/src/kinematics_metrics.cpp.o[0m
[ 41%] [32m[1mLinking CXX shared library /home/lkw/catkin_ws/devel/.private/moveit_core/lib/libmoveit_kinematics_metrics.so[0m
[ 41%] Built target moveit_kinematics_metrics
[ 42%] [32mBuilding CXX object dynamics_solver/CMakeFiles/moveit_dynamics_solver.dir/src/dynamics_solver.cpp.o[0m
[ 44%] [32m[1mLinking CXX shared library /home/lkw/catkin_ws/devel/.private/moveit_core/lib/libmoveit_dynamics_solver.so[0m
[ 44%] Built target moveit_dynamics_solver
[ 45%] [32mBuilding CXX object robot_trajectory/CMakeFiles/moveit_robot_trajectory.dir/src/robot_trajectory.cpp.o[0m
[ 47%] [32m[1mLinking CXX shared library /home/lkw/catkin_ws/devel/.private/moveit_core/lib/libmoveit_robot_trajectory.so[0m
[ 47%] Built target moveit_robot_trajectory
[ 47%] [32mBuilding CXX object collision_detection/CMakeFiles/moveit_collision_detection.dir/src/allvalid/collision_robot_allvalid.cpp.o[0m
[ 48%] [32mBuilding CXX object collision_detection/CMakeFiles/moveit_collision_detection.dir/src/allvalid/collision_world_allvalid.cpp.o[0m
[ 50%] [32mBuilding CXX object collision_detection/CMakeFiles/moveit_collision_detection.dir/src/collision_common.cpp.o[0m
[ 50%] [32mBuilding CXX object collision_detection/CMakeFiles/moveit_collision_detection.dir/src/collision_matrix.cpp.o[0m
[ 51%] [32mBuilding CXX object collision_detection/CMakeFiles/moveit_collision_detection.dir/src/collision_octomap_filter.cpp.o[0m
[ 52%] [32mBuilding CXX object collision_detection/CMakeFiles/moveit_collision_detection.dir/src/collision_robot.cpp.o[0m
[ 52%] [32mBuilding CXX object collision_detection/CMakeFiles/moveit_collision_detection.dir/src/collision_tools.cpp.o[0m
[ 54%] [32mBuilding CXX object collision_detection/CMakeFiles/moveit_collision_detection.dir/src/collision_world.cpp.o[0m
[ 55%] [32mBuilding CXX object collision_detection/CMakeFiles/moveit_collision_detection.dir/src/world.cpp.o[0m
[ 55%] [32mBuilding CXX object collision_detection/CMakeFiles/moveit_collision_detection.dir/src/world_diff.cpp.o[0m
[ 57%] [32m[1mLinking CXX shared library /home/lkw/catkin_ws/devel/.private/moveit_core/lib/libmoveit_collision_detection.so[0m
[ 57%] Built target moveit_collision_detection
[ 58%] [32mBuilding CXX object trajectory_processing/CMakeFiles/moveit_trajectory_processing.dir/src/iterative_time_parameterization.cpp.o[0m
[ 58%] [32mBuilding CXX object trajectory_processing/CMakeFiles/moveit_trajectory_processing.dir/src/iterative_spline_parameterization.cpp.o[0m
[ 60%] [32mBuilding CXX object trajectory_processing/CMakeFiles/moveit_trajectory_processing.dir/src/trajectory_tools.cpp.o[0m
[ 61%] [32mBuilding CXX object trajectory_processing/CMakeFiles/moveit_trajectory_processing.dir/src/time_optimal_trajectory_generation.cpp.o[0m
[ 61%] [32m[1mLinking CXX shared library /home/lkw/catkin_ws/devel/.private/moveit_core/lib/libmoveit_trajectory_processing.so[0m
[ 61%] Built target moveit_trajectory_processing
[ 63%] [32mBuilding CXX object robot_state/CMakeFiles/robot_state_benchmark.dir/test/robot_state_benchmark.cpp.o[0m
[ 64%] [32m[1mLinking CXX executable /home/lkw/catkin_ws/devel/.private/moveit_core/lib/moveit_core/robot_state_benchmark[0m
[ 64%] Built target robot_state_benchmark
[ 64%] [32mBuilding CXX object planning_interface/CMakeFiles/moveit_planning_interface.dir/src/planning_interface.cpp.o[0m
[ 66%] [32mBuilding CXX object planning_interface/CMakeFiles/moveit_planning_interface.dir/src/planning_response.cpp.o[0m
[ 67%] [32m[1mLinking CXX shared library /home/lkw/catkin_ws/devel/.private/moveit_core/lib/libmoveit_planning_interface.so[0m
[ 67%] Built target moveit_planning_interface
[ 69%] [32mBuilding CXX object collision_detection_fcl/CMakeFiles/moveit_collision_detection_fcl.dir/src/collision_common.cpp.o[0m
[ 69%] [32mBuilding CXX object collision_detection_fcl/CMakeFiles/moveit_collision_detection_fcl.dir/src/collision_robot_fcl.cpp.o[0m
[ 70%] [32mBuilding CXX object collision_detection_fcl/CMakeFiles/moveit_collision_detection_fcl.dir/src/collision_world_fcl.cpp.o[0m
[ 72%] [32m[1mLinking CXX shared library /home/lkw/catkin_ws/devel/.private/moveit_core/lib/libmoveit_collision_detection_fcl.so[0m
[ 72%] Built target moveit_collision_detection_fcl
[ 73%] [32mBuilding CXX object kinematic_constraints/CMakeFiles/moveit_kinematic_constraints.dir/src/kinematic_constraint.cpp.o[0m
[ 73%] [32mBuilding CXX object kinematic_constraints/CMakeFiles/moveit_kinematic_constraints.dir/src/utils.cpp.o[0m
[ 75%] [32m[1mLinking CXX shared library /home/lkw/catkin_ws/devel/.private/moveit_core/lib/libmoveit_kinematic_constraints.so[0m
[ 75%] Built target moveit_kinematic_constraints
[ 75%] [32mBuilding CXX object collision_detection_fcl/CMakeFiles/collision_detector_fcl_plugin.dir/src/collision_detector_fcl_plugin_loader.cpp.o[0m
[ 76%] [32m[1mLinking CXX shared library /home/lkw/catkin_ws/devel/.private/moveit_core/lib/libcollision_detector_fcl_plugin.so[0m
[ 76%] Built target collision_detector_fcl_plugin
[ 77%] [32mBuilding CXX object planning_scene/CMakeFiles/moveit_planning_scene.dir/src/planning_scene.cpp.o[0m
[ 77%] [32m[1mLinking CXX shared library /home/lkw/catkin_ws/devel/.private/moveit_core/lib/libmoveit_planning_scene.so[0m
[ 77%] Built target moveit_planning_scene
[ 79%] [32mBuilding CXX object CMakeFiles/pymoveit_core.dir/python/pymoveit_core.cpp.o[0m
[ 79%] [32mBuilding CXX object CMakeFiles/pymoveit_core.dir/collision_detection/src/pycollision_detection.cpp.o[0m
[ 80%] [32mBuilding CXX object CMakeFiles/pymoveit_core.dir/robot_model/src/pyrobot_model.cpp.o[0m
[ 82%] [32mBuilding CXX object CMakeFiles/pymoveit_core.dir/robot_state/src/pyrobot_state.cpp.o[0m
[ 82%] [32mBuilding CXX object CMakeFiles/pymoveit_core.dir/transforms/src/pytransforms.cpp.o[0m
[ 83%] [32mBuilding CXX object CMakeFiles/pymoveit_core.dir/planning_scene/src/pyplanning_scene.cpp.o[0m
[ 85%] [32mBuilding CXX object CMakeFiles/pymoveit_core.dir/kinematic_constraints/src/pykinematic_constraint.cpp.o[0m
[ 85%] [32m[1mLinking CXX shared module /home/lkw/catkin_ws/devel/.private/moveit_core/lib/python2.7/dist-packages/pymoveit_core.so[0m
[ 85%] Built target pymoveit_core
[ 85%] [32mBuilding CXX object constraint_samplers/CMakeFiles/moveit_constraint_samplers.dir/src/constraint_sampler.cpp.o[0m
[ 86%] [32mBuilding CXX object constraint_samplers/CMakeFiles/moveit_constraint_samplers.dir/src/constraint_sampler_manager.cpp.o[0m
[ 88%] [32mBuilding CXX object constraint_samplers/CMakeFiles/moveit_constraint_samplers.dir/src/constraint_sampler_tools.cpp.o[0m
[ 88%] [32mBuilding CXX object constraint_samplers/CMakeFiles/moveit_constraint_samplers.dir/src/default_constraint_samplers.cpp.o[0m
[ 89%] [32mBuilding CXX object constraint_samplers/CMakeFiles/moveit_constraint_samplers.dir/src/union_constraint_sampler.cpp.o[0m
[ 91%] [32m[1mLinking CXX shared library /home/lkw/catkin_ws/devel/.private/moveit_core/lib/libmoveit_constraint_samplers.so[0m
[ 91%] Built target moveit_constraint_samplers
[ 91%] [32mBuilding CXX object planning_request_adapter/CMakeFiles/moveit_planning_request_adapter.dir/src/planning_request_adapter.cpp.o[0m
[ 92%] [32m[1mLinking CXX shared library /home/lkw/catkin_ws/devel/.private/moveit_core/lib/libmoveit_planning_request_adapter.so[0m
[ 92%] Built target moveit_planning_request_adapter
[ 92%] [32mBuilding CXX object collision_distance_field/CMakeFiles/moveit_collision_distance_field.dir/src/collision_distance_field_types.cpp.o[0m
[ 94%] [32mBuilding CXX object collision_distance_field/CMakeFiles/moveit_collision_distance_field.dir/src/collision_common_distance_field.cpp.o[0m
[ 95%] [32mBuilding CXX object collision_distance_field/CMakeFiles/moveit_collision_distance_field.dir/src/collision_robot_distance_field.cpp.o[0m
[ 95%] [32mBuilding CXX object collision_distance_field/CMakeFiles/moveit_collision_distance_field.dir/src/collision_world_distance_field.cpp.o[0m
[ 97%] [32mBuilding CXX object collision_distance_field/CMakeFiles/moveit_collision_distance_field.dir/src/collision_robot_hybrid.cpp.o[0m
[ 98%] [32mBuilding CXX object collision_distance_field/CMakeFiles/moveit_collision_distance_field.dir/src/collision_world_hybrid.cpp.o[0m
[100%] [32m[1mLinking CXX shared library /home/lkw/catkin_ws/devel/.private/moveit_core/lib/libmoveit_collision_distance_field.so[0m
[100%] Built target moveit_collision_distance_field
